<?xml version="1.0" encoding="utf-8"?><testsuites name="pytest tests"><testsuite name="pytest" errors="0" failures="0" skipped="0" tests="25" time="6.296" timestamp="2026-03-29T00:52:12.208963+00:00" hostname="agent-env-a67a1e04-0637-4dd6-a63c-dc2f512d04c1"><testcase classname="backend.tests.test_delivery_rules_kpis.TestAuthEndpoints" name="test_login_success" time="0.369" /><testcase classname="backend.tests.test_delivery_rules_kpis.TestAuthEndpoints" name="test_login_invalid_credentials" time="0.326" /><testcase classname="backend.tests.test_delivery_rules_kpis.TestAuthEndpoints" name="test_auth_me" time="0.460" /><testcase classname="backend.tests.test_delivery_rules_kpis.TestDashboardEndpoints" name="test_dashboard_stats" time="0.452" /><testcase classname="backend.tests.test_delivery_rules_kpis.TestDashboardEndpoints" name="test_dashboard_recent_activity" time="0.121" /><testcase classname="backend.tests.test_delivery_rules_kpis.TestDeliveryRules" name="test_get_delivery_zones" time="0.107" /><testcase classname="backend.tests.test_delivery_rules_kpis.TestDeliveryRules" name="test_validate_zip_valid" time="0.117" /><testcase classname="backend.tests.test_delivery_rules_kpis.TestDeliveryRules" name="test_validate_zip_invalid" time="0.107" /><testcase classname="backend.tests.test_delivery_rules_kpis.TestDeliveryRules" name="test_calculate_fee_within_free_zone" time="0.111" /><testcase classname="backend.tests.test_delivery_rules_kpis.TestDeliveryRules" name="test_calculate_fee_beyond_free_zone" time="0.115" /><testcase classname="backend.tests.test_delivery_rules_kpis.TestDeliveryRules" name="test_calculate_fee_invalid_zip" time="0.102" /><testcase classname="backend.tests.test_delivery_rules_kpis.TestDeliveryRules" name="test_get_payment_methods" time="0.102" /><testcase classname="backend.tests.test_delivery_rules_kpis.TestDeliveryRules" name="test_validate_payment_valid" time="0.105" /><testcase classname="backend.tests.test_delivery_rules_kpis.TestDeliveryRules" name="test_validate_payment_invalid" time="0.103" /><testcase classname="backend.tests.test_delivery_rules_kpis.TestKPIsEndpoint" name="test_operational_kpis" time="0.453" /><testcase classname="backend.tests.test_delivery_rules_kpis.TestCustomersEndpoints" name="test_get_customers" time="0.436" /><testcase classname="backend.tests.test_delivery_rules_kpis.TestCustomersEndpoints" name="test_create_customer" time="0.105" /><testcase classname="backend.tests.test_delivery_rules_kpis.TestCustomersEndpoints" name="test_get_customer_by_id" time="0.232" /><testcase classname="backend.tests.test_delivery_rules_kpis.TestQuotesEndpoints" name="test_get_quotes" time="0.435" /><testcase classname="backend.tests.test_delivery_rules_kpis.TestQuotesEndpoints" name="test_create_quote" time="0.109" /><testcase classname="backend.tests.test_delivery_rules_kpis.TestLeadsEndpoints" name="test_get_leads" time="0.446" /><testcase classname="backend.tests.test_delivery_rules_kpis.TestLeadsEndpoints" name="test_create_lead" time="0.118" /><testcase classname="backend.tests.test_delivery_rules_kpis.TestTicketsEndpoints" name="test_get_tickets" time="0.468" /><testcase classname="backend.tests.test_delivery_rules_kpis.TestTicketsEndpoints" name="test_create_ticket" time="0.102" /><testcase classname="backend.tests.test_delivery_rules_kpis.TestTicketSVG" name="test_get_order_qr_svg" time="0.558" /></testsuite></testsuites>