<?xml version="1.0" encoding="utf-8"?><testsuites name="pytest tests"><testsuite name="pytest" errors="0" failures="0" skipped="0" tests="33" time="3.875" timestamp="2026-02-14T20:46:32.970098+00:00" hostname="agent-env-17db98ad-5dda-4c31-b729-2e509ca8a0da"><testcase classname="backend.tests.test_automation_engine.TestAutomationHealth" name="test_api_health" time="0.299" /><testcase classname="backend.tests.test_automation_engine.TestAutomationHealth" name="test_operator_dashboard_endpoint" time="0.084" /><testcase classname="backend.tests.test_automation_engine.TestAutomationHealth" name="test_daily_summary_endpoint" time="0.091" /><testcase classname="backend.tests.test_automation_engine.TestAutomationHealth" name="test_sla_alerts_endpoint" time="0.156" /><testcase classname="backend.tests.test_automation_engine.TestIngestOrderClassification" name="test_pickup_request_creates_order" time="0.088" /><testcase classname="backend.tests.test_automation_engine.TestIngestOrderClassification" name="test_pickup_date_triggers_order" time="0.256" /><testcase classname="backend.tests.test_automation_engine.TestIngestOrderClassification" name="test_service_type_pickup_triggers_order" time="0.083" /><testcase classname="backend.tests.test_automation_engine.TestIngestQuoteClassification" name="test_b2b_quote_creates_quote" time="0.084" /><testcase classname="backend.tests.test_automation_engine.TestIngestQuoteClassification" name="test_company_name_triggers_quote" time="0.081" /><testcase classname="backend.tests.test_automation_engine.TestIngestQuoteClassification" name="test_commercial_source_triggers_quote" time="0.096" /><testcase classname="backend.tests.test_automation_engine.TestIngestTicketClassification" name="test_support_form_creates_ticket" time="0.129" /><testcase classname="backend.tests.test_automation_engine.TestIngestTicketClassification" name="test_issue_description_triggers_ticket" time="0.144" /><testcase classname="backend.tests.test_automation_engine.TestAutoPriorityDetection" name="test_refund_keyword_high_priority" time="0.076" /><testcase classname="backend.tests.test_automation_engine.TestAutoPriorityDetection" name="test_urgent_keyword_high_priority" time="0.124" /><testcase classname="backend.tests.test_automation_engine.TestAutoPriorityDetection" name="test_damaged_keyword_high_priority" time="0.107" /><testcase classname="backend.tests.test_automation_engine.TestIngestLeadClassification" name="test_contact_form_creates_lead" time="0.075" /><testcase classname="backend.tests.test_automation_engine.TestIngestLeadClassification" name="test_generic_form_defaults_to_lead" time="0.096" /><testcase classname="backend.tests.test_automation_engine.TestIngestPreferencesClassification" name="test_preferences_form_saves_preferences" time="0.093" /><testcase classname="backend.tests.test_automation_engine.TestDuplicateDetection" name="test_duplicate_submission_rejected" time="0.172" /><testcase classname="backend.tests.test_automation_engine.TestCustomerUpsert" name="test_new_customer_created" time="0.084" /><testcase classname="backend.tests.test_automation_engine.TestCustomerUpsert" name="test_existing_customer_updated" time="0.162" /><testcase classname="backend.tests.test_automation_engine.TestMissingContactInfo" name="test_missing_email_and_phone_rejected" time="0.082" /><testcase classname="backend.tests.test_automation_engine.TestMissingContactInfo" name="test_email_only_accepted" time="0.088" /><testcase classname="backend.tests.test_automation_engine.TestMissingContactInfo" name="test_phone_only_accepted" time="0.082" /><testcase classname="backend.tests.test_automation_engine.TestOrderStatusUpdate" name="test_update_order_status" time="0.226" /><testcase classname="backend.tests.test_automation_engine.TestOrderStatusUpdate" name="test_update_nonexistent_order_fails" time="0.082" /><testcase classname="backend.tests.test_automation_engine.TestOperatorDashboard" name="test_dashboard_stats" time="0.072" /><testcase classname="backend.tests.test_automation_engine.TestOperatorDashboard" name="test_dashboard_todays_pickups" time="0.084" /><testcase classname="backend.tests.test_automation_engine.TestOperatorDashboard" name="test_dashboard_urgent_tickets" time="0.076" /><testcase classname="backend.tests.test_automation_engine.TestDailySummary" name="test_daily_summary_structure" time="0.086" /><testcase classname="backend.tests.test_automation_engine.TestSLAAlerts" name="test_sla_alerts_structure" time="0.094" /><testcase classname="backend.tests.test_automation_engine.TestPhoneNormalization" name="test_10_digit_phone_normalized" time="0.095" /><testcase classname="backend.tests.test_automation_engine.TestPhoneNormalization" name="test_formatted_phone_normalized" time="0.078" /></testsuite></testsuites>