<?xml version="1.0" encoding="utf-8"?><testsuites name="pytest tests"><testsuite name="pytest" errors="0" failures="0" skipped="0" tests="21" time="17.818" timestamp="2026-03-04T04:14:21.573242+00:00" hostname="agent-env-82bd3842-3af9-4548-8866-8a3478770a12"><testcase classname="tests.test_iteration_10.TestStripeSync" name="test_stripe_sync_status_returns_disabled" time="0.259" /><testcase classname="tests.test_iteration_10.TestStripeSync" name="test_stripe_sync_plan_returns_scaffold_info" time="0.117" /><testcase classname="tests.test_iteration_10.TestStripeSync" name="test_stripe_sync_pull_returns_503_when_disabled" time="0.117" /><testcase classname="tests.test_iteration_10.TestStripeSync" name="test_stripe_sync_push_returns_503_when_disabled" time="0.104" /><testcase classname="tests.test_iteration_10.TestStoreProducts" name="test_list_products" time="0.139" /><testcase classname="tests.test_iteration_10.TestStoreProducts" name="test_list_products_with_inactive" time="0.109" /><testcase classname="tests.test_iteration_10.TestStoreProducts" name="test_create_product_with_image_url" time="0.103" /><testcase classname="tests.test_iteration_10.TestStoreProducts" name="test_get_single_product" time="0.223" /><testcase classname="tests.test_iteration_10.TestStoreProducts" name="test_update_product_with_image_url" time="0.269" /><testcase classname="tests.test_iteration_10.TestStoreProducts" name="test_delete_product" time="0.363" /><testcase classname="tests.test_iteration_10.TestOperatorDashboard" name="test_operator_dashboard_loads" time="0.454" /><testcase classname="tests.test_iteration_10.TestOperatorDashboard" name="test_create_pickup_delivery_order" time="0.325" /><testcase classname="tests.test_iteration_10.TestOperatorDashboard" name="test_create_wash_fold_order" time="0.226" /><testcase classname="tests.test_iteration_10.TestOperatorDashboard" name="test_wash_fold_valid_flow_new_to_processing" time="0.234" /><testcase classname="tests.test_iteration_10.TestOperatorDashboard" name="test_wash_fold_invalid_transition_processing_to_completed" time="0.237" /><testcase classname="tests.test_iteration_10.TestOperatorDashboard" name="test_wash_fold_valid_flow_processing_to_ready" time="0.219" /><testcase classname="tests.test_iteration_10.TestNotificationMilestones" name="test_notification_milestones_defined" time="0.000" /><testcase classname="tests.test_iteration_10.TestNotificationMilestones" name="test_wash_fold_only_key_events" time="0.000" /><testcase classname="tests.test_iteration_10.TestNotificationMilestones" name="test_pickup_delivery_key_events" time="0.000" /><testcase classname="tests.test_iteration_10.TestStoreOrders" name="test_list_store_orders" time="0.128" /><testcase classname="tests.test_iteration_10.TestStoreOrders" name="test_shipping_quote_valid_address" time="14.091" /></testsuite></testsuites>