<?xml version="1.0" encoding="utf-8"?><testsuites name="pytest tests"><testsuite name="pytest" errors="0" failures="0" skipped="0" tests="12" time="105.109" timestamp="2026-04-04T02:29:08.178939+00:00" hostname="agent-env-a67a1e04-0637-4dd6-a63c-dc2f512d04c1"><testcase classname="backend.tests.test_phase3_features_iter41.TestDeliveryZoneRules" name="test_distance_close_location_free_delivery" time="1.080" /><testcase classname="backend.tests.test_phase3_features_iter41.TestDeliveryZoneRules" name="test_distance_medium_location_fee_delivery" time="0.616" /><testcase classname="backend.tests.test_phase3_features_iter41.TestDeliveryZoneRules" name="test_distance_far_location_not_allowed" time="0.612" /><testcase classname="backend.tests.test_phase3_features_iter41.TestDeliveryZoneRules" name="test_distance_missing_params" time="0.096" /><testcase classname="backend.tests.test_phase3_features_iter41.TestLogisticsMapFilters" name="test_logistics_orders_no_filter" time="29.514" /><testcase classname="backend.tests.test_phase3_features_iter41.TestLogisticsMapFilters" name="test_logistics_orders_date_filter" time="11.657" /><testcase classname="backend.tests.test_phase3_features_iter41.TestLogisticsMapFilters" name="test_logistics_orders_morning_filter" time="21.354" /><testcase classname="backend.tests.test_phase3_features_iter41.TestLogisticsMapFilters" name="test_logistics_orders_afternoon_filter" time="19.792" /><testcase classname="backend.tests.test_phase3_features_iter41.TestLogisticsMapFilters" name="test_logistics_orders_combined_filters" time="19.884" /><testcase classname="backend.tests.test_phase3_features_iter41.TestPWAAssets" name="test_service_worker_accessible" time="0.127" /><testcase classname="backend.tests.test_phase3_features_iter41.TestPWAAssets" name="test_manifest_valid" time="0.101" /><testcase classname="backend.tests.test_phase3_features_iter41.TestBackendHealth" name="test_health_endpoint" time="0.105" /></testsuite></testsuites>