<?xml version="1.0" encoding="utf-8"?><testsuites name="pytest tests"><testsuite name="pytest" errors="0" failures="0" skipped="1" tests="23" time="20.556" timestamp="2026-04-28T02:55:17.298454+00:00" hostname="agent-env-a67a1e04-0637-4dd6-a63c-dc2f512d04c1"><testcase classname="tests.test_notifications_iter48.TestPhoneFormatting" name="test_format_phone_us_10_digit" time="0.137" /><testcase classname="tests.test_notifications_iter48.TestPhoneFormatting" name="test_format_phone_already_e164" time="0.000" /><testcase classname="tests.test_notifications_iter48.TestPhoneFormatting" name="test_format_phone_11_digit_with_1" time="0.000" /><testcase classname="tests.test_notifications_iter48.TestPhoneFormatting" name="test_format_phone_mexico" time="0.000" /><testcase classname="tests.test_notifications_iter48.TestShouldNotifyCustomer" name="test_confirmed_should_notify" time="0.000" /><testcase classname="tests.test_notifications_iter48.TestShouldNotifyCustomer" name="test_picked_up_should_notify" time="0.000" /><testcase classname="tests.test_notifications_iter48.TestShouldNotifyCustomer" name="test_pickup_scheduled_should_not_notify" time="0.000" /><testcase classname="tests.test_notifications_iter48.TestShouldNotifyCustomer" name="test_processing_should_notify" time="0.000" /><testcase classname="tests.test_notifications_iter48.TestShouldNotifyCustomer" name="test_ready_should_notify" time="0.000" /><testcase classname="tests.test_notifications_iter48.TestMilestones" name="test_processing_in_pickup_delivery_milestones" time="0.000" /><testcase classname="tests.test_notifications_iter48.TestAdminAuth" name="test_admin_login" time="0.512" /><testcase classname="tests.test_notifications_iter48.TestStatusChangeNotifications" name="test_status_change_to_confirmed" time="0.442"><skipped type="pytest.skip" message="Order already at status 'picked_up', can't test confirmed transition">/app/backend/tests/test_notifications_iter48.py:175: Order already at status 'picked_up', can't test confirmed transition</skipped></testcase><testcase classname="tests.test_notifications_iter48.TestStatusChangeNotifications" name="test_status_change_to_picked_up" time="0.567" /><testcase classname="tests.test_notifications_iter48.TestManualNotifications" name="test_manual_sms_notification" time="0.867" /><testcase classname="tests.test_notifications_iter48.TestManualNotifications" name="test_manual_call_notification" time="0.818" /><testcase classname="tests.test_notifications_iter48.TestManualNotifications" name="test_manual_email_notification" time="5.549" /><testcase classname="tests.test_notifications_iter48.TestManualNotifications" name="test_manual_whatsapp_notification" time="5.598" /><testcase classname="tests.test_notifications_iter48.TestForgotResetPassword" name="test_forgot_password_existing_email" time="5.089" /><testcase classname="tests.test_notifications_iter48.TestForgotResetPassword" name="test_forgot_password_nonexistent_email" time="0.137" /><testcase classname="tests.test_notifications_iter48.TestForgotResetPassword" name="test_reset_password_invalid_token" time="0.166" /><testcase classname="tests.test_notifications_iter48.TestForgotResetPassword" name="test_reset_password_short_password" time="0.136" /><testcase classname="tests.test_notifications_iter48.TestCustomerAuth" name="test_customer_login" time="0.350" /><testcase classname="tests.test_notifications_iter48.TestHealthCheck" name="test_api_health" time="0.105" /></testsuite></testsuites>