<?xml version="1.0" encoding="utf-8"?><testsuites name="pytest tests"><testsuite name="pytest" errors="0" failures="0" skipped="0" tests="11" time="32.015" timestamp="2026-03-01T19:29:20.561975+00:00" hostname="agent-env-82bd3842-3af9-4548-8866-8a3478770a12"><testcase classname="backend.tests.test_wash_fold_flow.TestWashFoldStatusFlow" name="test_create_wash_fold_order_via_public_form" time="0.906" /><testcase classname="backend.tests.test_wash_fold_flow.TestWashFoldStatusFlow" name="test_wash_fold_order_with_optional_address" time="0.805" /><testcase classname="backend.tests.test_wash_fold_flow.TestWashFoldStatusFlow" name="test_wash_fold_operator_dashboard_shows_correct_next_status" time="0.768" /><testcase classname="backend.tests.test_wash_fold_flow.TestWashFoldInvalidStatusBlocking" name="test_wash_fold_blocks_delivered_status" time="0.902" /><testcase classname="backend.tests.test_wash_fold_flow.TestWashFoldInvalidStatusBlocking" name="test_wash_fold_blocks_out_for_delivery_status" time="0.882" /><testcase classname="backend.tests.test_wash_fold_flow.TestWashFoldInvalidStatusBlocking" name="test_wash_fold_blocks_pickup_scheduled_status" time="1.054" /><testcase classname="backend.tests.test_wash_fold_flow.TestWashFoldInvalidStatusBlocking" name="test_wash_fold_blocks_picked_up_status" time="0.846" /><testcase classname="backend.tests.test_wash_fold_flow.TestWashFoldInvalidStatusBlocking" name="test_wash_fold_blocks_confirmed_status" time="1.074" /><testcase classname="backend.tests.test_wash_fold_flow.TestWashFoldValidStatusFlow" name="test_wash_fold_complete_flow" time="1.423" /><testcase classname="backend.tests.test_wash_fold_flow.TestShippingQuoteRegression" name="test_shipping_quote_valid_address" time="11.895" /><testcase classname="backend.tests.test_wash_fold_flow.TestShippingQuoteRegression" name="test_shipping_quote_downtown_ventura" time="11.395" /></testsuite></testsuites>