<?xml version="1.0" encoding="utf-8"?><testsuites name="pytest tests"><testsuite name="pytest" errors="0" failures="0" skipped="0" tests="15" time="11.159" timestamp="2026-03-29T20:47:44.702549+00:00" hostname="agent-env-a67a1e04-0637-4dd6-a63c-dc2f512d04c1"><testcase classname="backend.tests.test_p0_operator_dashboard_fixes.TestP0OperatorDashboardFixes" name="test_health_check" time="0.249" /><testcase classname="backend.tests.test_p0_operator_dashboard_fixes.TestP0OperatorDashboardFixes" name="test_auth_login" time="0.380" /><testcase classname="backend.tests.test_p0_operator_dashboard_fixes.TestP0OperatorDashboardFixes" name="test_qr_svg_without_auth" time="1.018" /><testcase classname="backend.tests.test_p0_operator_dashboard_fixes.TestP0OperatorDashboardFixes" name="test_pd_state_flow_new_to_confirmed" time="0.625" /><testcase classname="backend.tests.test_p0_operator_dashboard_fixes.TestP0OperatorDashboardFixes" name="test_pd_state_flow_confirmed_to_picked_up" time="0.947" /><testcase classname="backend.tests.test_p0_operator_dashboard_fixes.TestP0OperatorDashboardFixes" name="test_pd_full_state_flow" time="1.951" /><testcase classname="backend.tests.test_p0_operator_dashboard_fixes.TestP0OperatorDashboardFixes" name="test_wf_state_flow_new_to_confirmed" time="0.355" /><testcase classname="backend.tests.test_p0_operator_dashboard_fixes.TestP0OperatorDashboardFixes" name="test_wf_full_state_flow" time="1.122" /><testcase classname="backend.tests.test_p0_operator_dashboard_fixes.TestP0OperatorDashboardFixes" name="test_wf_rejects_invalid_statuses" time="0.650" /><testcase classname="backend.tests.test_p0_operator_dashboard_fixes.TestP0OperatorDashboardFixes" name="test_dashboard_pd_sorting" time="1.319" /><testcase classname="backend.tests.test_p0_operator_dashboard_fixes.TestP0OperatorDashboardFixes" name="test_dashboard_wf_sorting" time="0.963" /><testcase classname="backend.tests.test_p0_operator_dashboard_fixes.TestP0OperatorDashboardFixes" name="test_payment_capture_creates_finance_entry" time="0.695" /><testcase classname="backend.tests.test_p0_operator_dashboard_fixes.TestP0OperatorDashboardFixes" name="test_payment_capture_with_transfer" time="0.466" /><testcase classname="backend.tests.test_p0_operator_dashboard_fixes.TestP0OperatorDashboardFixes" name="test_operator_dashboard_returns_all_buckets" time="0.105" /><testcase classname="backend.tests.test_p0_operator_dashboard_fixes.TestP0OperatorDashboardFixes" name="test_dashboard_orders_have_required_fields" time="0.124" /></testsuite></testsuites>