<?xml version="1.0" encoding="utf-8"?><testsuites name="pytest tests"><testsuite name="pytest" errors="0" failures="0" skipped="0" tests="15" time="3.760" timestamp="2026-03-29T05:00:15.789482+00:00" hostname="agent-env-a67a1e04-0637-4dd6-a63c-dc2f512d04c1"><testcase classname="backend.tests.test_traffic_ocr_analytics_iter28.TestHealthAndAuth" name="test_health_check" time="0.203" /><testcase classname="backend.tests.test_traffic_ocr_analytics_iter28.TestHealthAndAuth" name="test_admin_login" time="0.333" /><testcase classname="backend.tests.test_traffic_ocr_analytics_iter28.TestTomTomTrafficAPI" name="test_traffic_incidents_returns_200" time="0.627" /><testcase classname="backend.tests.test_traffic_ocr_analytics_iter28.TestTomTomTrafficAPI" name="test_traffic_incidents_structure" time="0.104" /><testcase classname="backend.tests.test_traffic_ocr_analytics_iter28.TestTomTomTrafficAPI" name="test_traffic_event_format" time="0.103" /><testcase classname="backend.tests.test_traffic_ocr_analytics_iter28.TestTomTomTrafficAPI" name="test_traffic_cache_works" time="1.285" /><testcase classname="backend.tests.test_traffic_ocr_analytics_iter28.TestTomTomTrafficAPI" name="test_traffic_requires_auth" time="0.096" /><testcase classname="backend.tests.test_traffic_ocr_analytics_iter28.TestOCRAnalyticsAPI" name="test_ocr_analytics_returns_200" time="0.111" /><testcase classname="backend.tests.test_traffic_ocr_analytics_iter28.TestOCRAnalyticsAPI" name="test_ocr_analytics_structure" time="0.111" /><testcase classname="backend.tests.test_traffic_ocr_analytics_iter28.TestOCRAnalyticsAPI" name="test_ocr_analytics_field_rates" time="0.105" /><testcase classname="backend.tests.test_traffic_ocr_analytics_iter28.TestOCRAnalyticsAPI" name="test_ocr_analytics_empty_data_valid" time="0.096" /><testcase classname="backend.tests.test_traffic_ocr_analytics_iter28.TestOCRAnalyticsAPI" name="test_ocr_analytics_requires_auth" time="0.102" /><testcase classname="backend.tests.test_traffic_ocr_analytics_iter28.TestDashboardAndExistingEndpoints" name="test_dashboard_loads" time="0.127" /><testcase classname="backend.tests.test_traffic_ocr_analytics_iter28.TestDashboardAndExistingEndpoints" name="test_orders_endpoint" time="0.125" /><testcase classname="backend.tests.test_traffic_ocr_analytics_iter28.TestDashboardAndExistingEndpoints" name="test_customers_endpoint" time="0.097" /></testsuite></testsuites>