<?xml version="1.0" encoding="utf-8"?><testsuites name="pytest tests"><testsuite name="pytest" errors="0" failures="0" skipped="0" tests="11" time="17.075" timestamp="2026-04-28T02:39:30.292015+00:00" hostname="agent-env-a67a1e04-0637-4dd6-a63c-dc2f512d04c1"><testcase classname="backend.tests.test_forgot_reset_password_iter47.TestForgotPassword" name="test_forgot_password_existing_email_returns_generic_message" time="5.129" /><testcase classname="backend.tests.test_forgot_reset_password_iter47.TestForgotPassword" name="test_forgot_password_nonexistent_email_returns_same_generic_message" time="0.145" /><testcase classname="backend.tests.test_forgot_reset_password_iter47.TestForgotPassword" name="test_forgot_password_invalid_email_format" time="0.129" /><testcase classname="backend.tests.test_forgot_reset_password_iter47.TestResetPassword" name="test_reset_password_invalid_token_returns_400" time="0.134" /><testcase classname="backend.tests.test_forgot_reset_password_iter47.TestResetPassword" name="test_reset_password_short_password_returns_400" time="0.124" /><testcase classname="backend.tests.test_forgot_reset_password_iter47.TestFullResetFlow" name="test_full_reset_flow_with_db_token" time="5.571" /><testcase classname="backend.tests.test_forgot_reset_password_iter47.TestMultipleCustomerRecordsResetFlow" name="test_customer_forgot_password_creates_token" time="5.058" /><testcase classname="backend.tests.test_forgot_reset_password_iter47.TestMultipleCustomerRecordsResetFlow" name="test_customer_login_still_works" time="0.367" /><testcase classname="backend.tests.test_forgot_reset_password_iter47.TestTokenValidation" name="test_empty_token_returns_400" time="0.113" /><testcase classname="backend.tests.test_forgot_reset_password_iter47.TestTokenValidation" name="test_missing_password_returns_422" time="0.136" /><testcase classname="backend.tests.test_forgot_reset_password_iter47.TestTokenValidation" name="test_missing_token_returns_422" time="0.108" /></testsuite></testsuites>