<?xml version="1.0" encoding="utf-8"?><testsuites name="pytest tests"><testsuite name="pytest" errors="0" failures="0" skipped="1" tests="14" time="2.232" timestamp="2026-03-20T20:42:22.706109+00:00" hostname="agent-env-c121079f-8fd5-48fd-a622-7ca719705a2d"><testcase classname="backend.tests.test_ai_features.TestAIMetrics" name="test_ai_metrics_returns_200" time="0.549" /><testcase classname="backend.tests.test_ai_features.TestAIMetrics" name="test_ai_metrics_has_required_fields" time="0.119" /><testcase classname="backend.tests.test_ai_features.TestAIMetrics" name="test_ai_metrics_7_days_filter" time="0.122" /><testcase classname="backend.tests.test_ai_features.TestAIMetrics" name="test_ai_metrics_90_days_filter" time="0.155" /><testcase classname="backend.tests.test_ai_features.TestAIMetrics" name="test_ai_metrics_has_action_breakdown" time="0.112" /><testcase classname="backend.tests.test_ai_features.TestAIMetrics" name="test_ai_metrics_has_recent_logs" time="0.145" /><testcase classname="backend.tests.test_ai_features.TestPendingActions" name="test_pending_actions_returns_200" time="0.110" /><testcase classname="backend.tests.test_ai_features.TestPendingActions" name="test_pending_actions_has_list" time="0.164" /><testcase classname="backend.tests.test_ai_features.TestPendingActions" name="test_pending_actions_structure" time="0.113" /><testcase classname="backend.tests.test_ai_features.TestPendingActions" name="test_reject_nonexistent_action" time="0.106" /><testcase classname="backend.tests.test_ai_features.TestPendingActions" name="test_approve_nonexistent_action" time="0.118" /><testcase classname="backend.tests.test_ai_features.TestRejectPendingAction" name="test_reject_real_pending_action" time="0.111"><skipped type="pytest.skip" message="No pending actions to test rejection">/app/backend/tests/test_ai_features.py:190: No pending actions to test rejection</skipped></testcase><testcase classname="backend.tests.test_ai_features.TestOperatorDashboard" name="test_operator_dashboard_returns_200" time="0.117" /><testcase classname="backend.tests.test_ai_features.TestOperatorDashboard" name="test_operator_dashboard_has_stats" time="0.135" /></testsuite></testsuites>