<?xml version="1.0" encoding="utf-8"?><testsuites name="pytest tests"><testsuite name="pytest" errors="0" failures="0" skipped="0" tests="22" time="3.377" timestamp="2026-03-29T01:33:10.641023+00:00" hostname="agent-env-a67a1e04-0637-4dd6-a63c-dc2f512d04c1"><testcase classname="backend.tests.test_refactored_inventory_bilingual.TestAuthEndpoints" name="test_login_returns_access_token" time="0.376" /><testcase classname="backend.tests.test_refactored_inventory_bilingual.TestAuthEndpoints" name="test_auth_me_returns_user" time="0.457" /><testcase classname="backend.tests.test_refactored_inventory_bilingual.TestRefactoredAdminUsers" name="test_get_admin_users_list" time="0.126" /><testcase classname="backend.tests.test_refactored_inventory_bilingual.TestRefactoredAdminUsers" name="test_get_admin_roles" time="0.159" /><testcase classname="backend.tests.test_refactored_inventory_bilingual.TestRefactoredExports" name="test_export_customers_csv" time="0.114" /><testcase classname="backend.tests.test_refactored_inventory_bilingual.TestRefactoredExports" name="test_export_orders_csv" time="0.105" /><testcase classname="backend.tests.test_refactored_inventory_bilingual.TestRefactoredExports" name="test_export_leads_csv" time="0.119" /><testcase classname="backend.tests.test_refactored_inventory_bilingual.TestRefactoredExports" name="test_export_quotes_csv" time="0.130" /><testcase classname="backend.tests.test_refactored_inventory_bilingual.TestRefactoredExports" name="test_export_tickets_csv" time="0.116" /><testcase classname="backend.tests.test_refactored_inventory_bilingual.TestRefactoredCalendar" name="test_calendar_orders_with_date_range" time="0.127" /><testcase classname="backend.tests.test_refactored_inventory_bilingual.TestRefactoredCalendar" name="test_calendar_orders_requires_dates" time="0.126" /><testcase classname="backend.tests.test_refactored_inventory_bilingual.TestInventoryAlerts" name="test_get_inventory_alerts" time="0.113" /><testcase classname="backend.tests.test_refactored_inventory_bilingual.TestInventoryAlerts" name="test_inventory_alerts_notify" time="0.130" /><testcase classname="backend.tests.test_refactored_inventory_bilingual.TestExistingEndpointsStillWork" name="test_dashboard_stats" time="0.114" /><testcase classname="backend.tests.test_refactored_inventory_bilingual.TestExistingEndpointsStillWork" name="test_delivery_rules_zones" time="0.106" /><testcase classname="backend.tests.test_refactored_inventory_bilingual.TestExistingEndpointsStillWork" name="test_delivery_rules_payment_methods" time="0.117" /><testcase classname="backend.tests.test_refactored_inventory_bilingual.TestExistingEndpointsStillWork" name="test_kpis_operational" time="0.115" /><testcase classname="backend.tests.test_refactored_inventory_bilingual.TestExistingEndpointsStillWork" name="test_customers_list" time="0.105" /><testcase classname="backend.tests.test_refactored_inventory_bilingual.TestExistingEndpointsStillWork" name="test_inventory_stock" time="0.122" /><testcase classname="backend.tests.test_refactored_inventory_bilingual.TestExistingEndpointsStillWork" name="test_inventory_low_stock" time="0.125" /><testcase classname="backend.tests.test_refactored_inventory_bilingual.TestCreateTestDataForAlerts" name="test_create_low_stock_item" time="0.115" /><testcase classname="backend.tests.test_refactored_inventory_bilingual.TestCreateTestDataForAlerts" name="test_verify_alerts_include_low_stock" time="0.125" /></testsuite></testsuites>