<?xml version="1.0" encoding="utf-8"?><testsuites name="pytest tests"><testsuite name="pytest" errors="0" failures="0" skipped="0" tests="10" time="4.660" timestamp="2026-04-13T20:17:56.972775+00:00" hostname="agent-env-a67a1e04-0637-4dd6-a63c-dc2f512d04c1"><testcase classname="backend.tests.test_alejandro_profile_iter46.TestAlejandroLogin" name="test_alejandro_login_success" time="0.414" /><testcase classname="backend.tests.test_alejandro_profile_iter46.TestAlejandroLogin" name="test_alejandro_profile_extended_fields" time="0.555" /><testcase classname="backend.tests.test_alejandro_profile_iter46.TestAlejandroOrders" name="test_alejandro_orders_retrieval" time="0.539" /><testcase classname="backend.tests.test_alejandro_profile_iter46.TestAlejandroOrders" name="test_alejandro_pending_payments" time="0.502" /><testcase classname="backend.tests.test_alejandro_profile_iter46.TestProfileUpdate" name="test_profile_update_all_fields" time="0.814" /><testcase classname="backend.tests.test_alejandro_profile_iter46.TestProfileUpdate" name="test_profile_update_partial_fields" time="0.506" /><testcase classname="backend.tests.test_alejandro_profile_iter46.TestProfileUpdate" name="test_profile_update_requires_auth" time="0.134" /><testcase classname="backend.tests.test_alejandro_profile_iter46.TestAdminOrdersEndpoint" name="test_admin_orders_with_auth" time="0.475" /><testcase classname="backend.tests.test_alejandro_profile_iter46.TestAdminOrdersEndpoint" name="test_admin_orders_requires_auth" time="0.136" /><testcase classname="backend.tests.test_alejandro_profile_iter46.TestLoginBackfill" name="test_login_triggers_backfill" time="0.515" /></testsuite></testsuites>