<?xml version="1.0" encoding="utf-8"?><testsuites name="pytest tests"><testsuite name="pytest" errors="0" failures="0" skipped="0" tests="23" time="8.822" timestamp="2026-03-29T01:55:26.474691+00:00" hostname="agent-env-a67a1e04-0637-4dd6-a63c-dc2f512d04c1"><testcase classname="backend.tests.test_extracted_modules_ocr.TestServicesModule" name="test_get_services_authenticated" time="0.600" /><testcase classname="backend.tests.test_extracted_modules_ocr.TestServicesModule" name="test_get_public_services" time="0.125" /><testcase classname="backend.tests.test_extracted_modules_ocr.TestServicesModule" name="test_create_update_delete_service" time="0.676" /><testcase classname="backend.tests.test_extracted_modules_ocr.TestMembershipsModule" name="test_get_membership_plans_admin" time="0.164" /><testcase classname="backend.tests.test_extracted_modules_ocr.TestMembershipsModule" name="test_get_membership_section_admin" time="0.119" /><testcase classname="backend.tests.test_extracted_modules_ocr.TestMembershipsModule" name="test_get_public_membership_plans" time="0.167" /><testcase classname="backend.tests.test_extracted_modules_ocr.TestMembershipsModule" name="test_get_public_membership_section" time="0.107" /><testcase classname="backend.tests.test_extracted_modules_ocr.TestCustomerAuthModule" name="test_customer_register_and_login" time="0.798" /><testcase classname="backend.tests.test_extracted_modules_ocr.TestCustomerAuthModule" name="test_customer_login_invalid_credentials" time="0.108" /><testcase classname="backend.tests.test_extracted_modules_ocr.TestOperatorModule" name="test_operator_get_orders" time="0.121" /><testcase classname="backend.tests.test_extracted_modules_ocr.TestOperatorModule" name="test_operator_get_orders_by_status" time="0.100" /><testcase classname="backend.tests.test_extracted_modules_ocr.TestSettingsModule" name="test_get_notification_settings" time="0.117" /><testcase classname="backend.tests.test_extracted_modules_ocr.TestSettingsModule" name="test_get_business_rules" time="0.115" /><testcase classname="backend.tests.test_extracted_modules_ocr.TestIngestModule" name="test_ingest_routes_to_orders" time="0.169" /><testcase classname="backend.tests.test_extracted_modules_ocr.TestIngestModule" name="test_ingest_routes_to_quotes" time="0.113" /><testcase classname="backend.tests.test_extracted_modules_ocr.TestIngestModule" name="test_ingest_routes_to_tickets" time="0.108" /><testcase classname="backend.tests.test_extracted_modules_ocr.TestIngestModule" name="test_ingest_routes_to_leads" time="0.106" /><testcase classname="backend.tests.test_extracted_modules_ocr.TestAuditModule" name="test_get_audit_logs" time="0.106" /><testcase classname="backend.tests.test_extracted_modules_ocr.TestAuditModule" name="test_get_audit_logs_filtered" time="0.150" /><testcase classname="backend.tests.test_extracted_modules_ocr.TestOCRModule" name="test_upload_and_ocr_receipt" time="3.739" /><testcase classname="backend.tests.test_extracted_modules_ocr.TestOCRModule" name="test_ocr_file_not_found" time="0.135" /><testcase classname="backend.tests.test_extracted_modules_ocr.TestOCRModule" name="test_ocr_non_image_rejected" time="0.365" /><testcase classname="backend.tests.test_extracted_modules_ocr.TestModuleIntegration" name="test_service_creates_audit_log" time="0.334" /></testsuite></testsuites>