<?xml version="1.0" encoding="utf-8"?><testsuites name="pytest tests"><testsuite name="pytest" errors="0" failures="0" skipped="0" tests="12" time="5.338" timestamp="2026-03-29T06:43:59.876038+00:00" hostname="agent-env-a67a1e04-0637-4dd6-a63c-dc2f512d04c1"><testcase classname="backend.tests.test_stripe_sync_notification_metrics_iter30.TestStripeSyncStatus" name="test_stripe_sync_status_returns_enabled" time="0.442" /><testcase classname="backend.tests.test_stripe_sync_notification_metrics_iter30.TestStripePushCustomers" name="test_push_customers_dry_run" time="0.051" /><testcase classname="backend.tests.test_stripe_sync_notification_metrics_iter30.TestStripePushCustomers" name="test_push_customers_actual_sync" time="1.608" /><testcase classname="backend.tests.test_stripe_sync_notification_metrics_iter30.TestStripePushProducts" name="test_push_products_dry_run" time="0.048" /><testcase classname="backend.tests.test_stripe_sync_notification_metrics_iter30.TestStripePushProducts" name="test_push_products_actual_sync" time="0.054" /><testcase classname="backend.tests.test_stripe_sync_notification_metrics_iter30.TestStripePullCustomers" name="test_pull_customers_imports_from_stripe" time="0.266" /><testcase classname="backend.tests.test_stripe_sync_notification_metrics_iter30.TestStripePullProducts" name="test_pull_products_imports_from_stripe" time="0.378" /><testcase classname="backend.tests.test_stripe_sync_notification_metrics_iter30.TestStripeFullSync" name="test_full_sync_runs_all_operations" time="1.976" /><testcase classname="backend.tests.test_stripe_sync_notification_metrics_iter30.TestStripeSyncHistory" name="test_sync_history_returns_logs" time="0.043" /><testcase classname="backend.tests.test_stripe_sync_notification_metrics_iter30.TestNotificationMetrics" name="test_notification_metrics_returns_analytics" time="0.048" /><testcase classname="backend.tests.test_stripe_sync_notification_metrics_iter30.TestContactFormNotification" name="test_contact_form_logs_notification" time="0.281" /><testcase classname="backend.tests.test_stripe_sync_notification_metrics_iter30.TestHealthCheck" name="test_health_endpoint" time="0.048" /></testsuite></testsuites>