<?xml version="1.0" encoding="utf-8"?><testsuites name="pytest tests"><testsuite name="pytest" errors="0" failures="0" skipped="0" tests="12" time="7.289" timestamp="2026-04-01T04:42:46.940479+00:00" hostname="agent-env-a67a1e04-0637-4dd6-a63c-dc2f512d04c1"><testcase classname="backend.tests.test_store_pos_iteration32.TestHealthAndAuth" name="test_health_check" time="0.137" /><testcase classname="backend.tests.test_store_pos_iteration32.TestHealthAndAuth" name="test_admin_login" time="0.330" /><testcase classname="backend.tests.test_store_pos_iteration32.TestStoreProducts" name="test_get_store_products" time="0.116" /><testcase classname="backend.tests.test_store_pos_iteration32.TestStoreCartAndCheckout" name="test_manual_checkout_without_customer_fields" time="0.429" /><testcase classname="backend.tests.test_store_pos_iteration32.TestStoreCartAndCheckout" name="test_manual_checkout_creates_finance_entry" time="0.432" /><testcase classname="backend.tests.test_store_pos_iteration32.TestStoreOrderPayment" name="test_register_store_payment_creates_finance_entry" time="0.214" /><testcase classname="backend.tests.test_store_pos_iteration32.TestSendPaymentLink" name="test_send_payment_link_sms_endpoint_exists" time="2.257" /><testcase classname="backend.tests.test_store_pos_iteration32.TestSendPaymentLink" name="test_send_payment_link_email_endpoint_exists" time="2.045" /><testcase classname="backend.tests.test_store_pos_iteration32.TestSendPaymentLink" name="test_send_payment_link_requires_phone_for_sms" time="0.115" /><testcase classname="backend.tests.test_store_pos_iteration32.TestSendPaymentLink" name="test_send_payment_link_requires_email_for_email_channel" time="0.103" /><testcase classname="backend.tests.test_store_pos_iteration32.TestLaundryOrderPaymentRegression" name="test_laundry_order_payment_creates_finance_entry" time="0.605" /><testcase classname="backend.tests.test_store_pos_iteration32.TestFinancesCollection" name="test_finances_have_store_sale_entries" time="0.429" /></testsuite></testsuites>