<?xml version="1.0" encoding="utf-8"?><testsuites name="pytest tests"><testsuite name="pytest" errors="0" failures="0" skipped="0" tests="13" time="2.998" timestamp="2026-04-29T10:12:30.677706+00:00" hostname="agent-env-a67a1e04-0637-4dd6-a63c-dc2f512d04c1"><testcase classname="tests.test_delivery_fee_iter50.TestDeliveryRulesEndpoints" name="test_get_delivery_zones" time="0.544" /><testcase classname="tests.test_delivery_fee_iter50.TestDeliveryRulesEndpoints" name="test_calculate_fee_within_3_miles" time="0.111" /><testcase classname="tests.test_delivery_fee_iter50.TestDeliveryRulesEndpoints" name="test_calculate_fee_beyond_3_miles" time="0.106" /><testcase classname="tests.test_delivery_fee_iter50.TestDeliveryRulesEndpoints" name="test_calculate_fee_cap_at_25" time="0.134" /><testcase classname="tests.test_delivery_fee_iter50.TestPublicPickupRequestDeliveryFee" name="test_pickup_request_auto_delivery_fee" time="0.099" /><testcase classname="tests.test_delivery_fee_iter50.TestPublicPickupRequestDeliveryFee" name="test_pickup_request_close_address_zero_fee" time="0.508" /><testcase classname="tests.test_delivery_fee_iter50.TestExistingOrderDeliveryFee" name="test_verify_test_order_delivery_fee" time="0.199" /><testcase classname="tests.test_delivery_fee_iter50.TestOrderUpdateWithDeliveryFee" name="test_update_order_lbs_recalculates_total_with_delivery_fee" time="0.364" /><testcase classname="tests.test_delivery_fee_iter50.TestOrderResponseIncludesDeliveryFee" name="test_order_response_has_delivery_fee_field" time="0.132" /><testcase classname="tests.test_delivery_fee_iter50.TestOrderResponseIncludesDeliveryFee" name="test_single_order_response_has_delivery_fee" time="0.282" /><testcase classname="tests.test_delivery_fee_iter50.TestDeliveryFeeCalculationLogic" name="test_haversine_distance_calculation" time="0.109" /><testcase classname="tests.test_delivery_fee_iter50.TestDeliveryFeeCalculationLogic" name="test_fee_calculation_edge_cases" time="0.208" /><testcase classname="tests.test_delivery_fee_iter50.TestTotalAmountCalculation" name="test_calculate_service_amount_includes_delivery_fee" time="0.126" /></testsuite></testsuites>