<?xml version="1.0" encoding="utf-8"?><testsuites name="pytest tests"><testsuite name="pytest" errors="0" failures="0" skipped="0" tests="10" time="9.169" timestamp="2026-04-03T03:03:55.845978+00:00" hostname="agent-env-a67a1e04-0637-4dd6-a63c-dc2f512d04c1"><testcase classname="backend.tests.test_stripe_notify_iter36.TestAuth" name="test_login_success" time="0.379" /><testcase classname="backend.tests.test_stripe_notify_iter36.TestOperatorDashboard" name="test_operator_dashboard_returns_buckets" time="0.468" /><testcase classname="backend.tests.test_stripe_notify_iter36.TestStripeCheckout" name="test_stripe_checkout_returns_url_field" time="0.760" /><testcase classname="backend.tests.test_stripe_notify_iter36.TestStripeCheckout" name="test_stripe_checkout_requires_actual_lbs" time="0.286" /><testcase classname="backend.tests.test_stripe_notify_iter36.TestStripeConfirmPayment" name="test_confirm_payment_endpoint_exists" time="0.122" /><testcase classname="backend.tests.test_stripe_notify_iter36.TestNotifyCustomer" name="test_notify_customer_returns_message_with_details" time="0.537" /><testcase classname="backend.tests.test_stripe_notify_iter36.TestNotifyCustomer" name="test_notify_customer_supports_channels" time="5.633" /><testcase classname="backend.tests.test_stripe_notify_iter36.TestQRCodeRegression" name="test_qr_code_works_without_auth" time="0.255" /><testcase classname="backend.tests.test_stripe_notify_iter36.TestPaymentRegression" name="test_cash_payment_creates_finance_entry" time="0.486" /><testcase classname="backend.tests.test_stripe_notify_iter36.TestHealthCheck" name="test_health_endpoint" time="0.112" /></testsuite></testsuites>