<?xml version="1.0" encoding="utf-8"?><testsuites name="pytest tests"><testsuite name="pytest" errors="0" failures="0" skipped="0" tests="17" time="6.363" timestamp="2026-04-06T19:29:04.473326+00:00" hostname="agent-env-a67a1e04-0637-4dd6-a63c-dc2f512d04c1"><testcase classname="backend.tests.test_customer_auth_iter42.TestCustomerAuth" name="test_customer_login_success" time="0.429" /><testcase classname="backend.tests.test_customer_auth_iter42.TestCustomerAuth" name="test_customer_login_invalid_credentials" time="0.147" /><testcase classname="backend.tests.test_customer_auth_iter42.TestCustomerAuth" name="test_customer_register_existing_email" time="0.108" /><testcase classname="backend.tests.test_customer_auth_iter42.TestCustomerMembershipStatus" name="test_membership_status_returns_false_for_non_member" time="0.454" /><testcase classname="backend.tests.test_customer_auth_iter42.TestCustomerMembershipStatus" name="test_membership_status_requires_auth" time="0.107" /><testcase classname="backend.tests.test_customer_auth_iter42.TestCustomerPendingPayments" name="test_pending_payments_returns_unpaid_orders" time="0.476" /><testcase classname="backend.tests.test_customer_auth_iter42.TestCustomerPendingPayments" name="test_pending_payments_requires_auth" time="0.124" /><testcase classname="backend.tests.test_customer_auth_iter42.TestCustomerPreferences" name="test_preferences_returns_403_for_non_member" time="0.460" /><testcase classname="backend.tests.test_customer_auth_iter42.TestCustomerPreferences" name="test_preferences_requires_auth" time="0.112" /><testcase classname="backend.tests.test_customer_auth_iter42.TestMarkZellePayment" name="test_mark_zelle_requires_auth" time="0.130" /><testcase classname="backend.tests.test_customer_auth_iter42.TestMarkZellePayment" name="test_mark_zelle_with_valid_order" time="0.454" /><testcase classname="backend.tests.test_customer_auth_iter42.TestMarkZellePayment" name="test_mark_zelle_invalid_order" time="1.137" /><testcase classname="backend.tests.test_customer_auth_iter42.TestCustomerOrders" name="test_customer_orders_returns_list" time="0.483" /><testcase classname="backend.tests.test_customer_auth_iter42.TestCustomerOrders" name="test_customer_orders_requires_auth" time="0.153" /><testcase classname="backend.tests.test_customer_auth_iter42.TestCustomerMe" name="test_customer_me_returns_profile" time="1.213" /><testcase classname="backend.tests.test_customer_auth_iter42.TestCheckoutAuth" name="test_checkout_auth_requires_auth" time="0.115" /><testcase classname="backend.tests.test_customer_auth_iter42.TestHealthCheck" name="test_api_health" time="0.111" /></testsuite></testsuites>