<?xml version="1.0" encoding="utf-8"?><testsuites name="pytest tests"><testsuite name="pytest" errors="0" failures="0" skipped="0" tests="28" time="25.191" timestamp="2026-02-09T03:58:45.782821+00:00" hostname="agent-env-17db98ad-5dda-4c31-b729-2e509ca8a0da"><testcase classname="tests.test_store_blog.TestStoreProducts" name="test_list_products" time="0.809" /><testcase classname="tests.test_store_blog.TestStoreProducts" name="test_get_single_product" time="1.054" /><testcase classname="tests.test_store_blog.TestStoreProducts" name="test_get_nonexistent_product" time="0.422" /><testcase classname="tests.test_store_blog.TestStoreProducts" name="test_create_product" time="1.070" /><testcase classname="tests.test_store_blog.TestStoreProducts" name="test_update_product" time="1.073" /><testcase classname="tests.test_store_blog.TestStoreProducts" name="test_delete_product" time="1.160" /><testcase classname="tests.test_store_blog.TestStoreCart" name="test_create_cart" time="0.319" /><testcase classname="tests.test_store_blog.TestStoreCart" name="test_get_cart" time="0.845" /><testcase classname="tests.test_store_blog.TestStoreCart" name="test_add_item_to_cart" time="1.170" /><testcase classname="tests.test_store_blog.TestStoreCart" name="test_update_cart_item_quantity" time="1.535" /><testcase classname="tests.test_store_blog.TestStoreCart" name="test_remove_item_from_cart" time="1.283" /><testcase classname="tests.test_store_blog.TestStoreCart" name="test_clear_cart" time="2.432" /><testcase classname="tests.test_store_blog.TestStoreCheckout" name="test_checkout_empty_cart_fails" time="0.642" /><testcase classname="tests.test_store_blog.TestStoreCheckout" name="test_checkout_creates_session" time="3.156" /><testcase classname="tests.test_store_blog.TestStoreOrders" name="test_list_orders" time="0.422" /><testcase classname="tests.test_store_blog.TestBlogPosts" name="test_list_posts" time="0.421" /><testcase classname="tests.test_store_blog.TestBlogPosts" name="test_get_post_by_slug" time="0.741" /><testcase classname="tests.test_store_blog.TestBlogPosts" name="test_get_post_by_id" time="0.753" /><testcase classname="tests.test_store_blog.TestBlogPosts" name="test_filter_posts_by_category" time="0.422" /><testcase classname="tests.test_store_blog.TestBlogPosts" name="test_create_post" time="0.643" /><testcase classname="tests.test_store_blog.TestBlogPosts" name="test_update_post" time="0.747" /><testcase classname="tests.test_store_blog.TestBlogPosts" name="test_delete_post" time="1.062" /><testcase classname="tests.test_store_blog.TestBlogPosts" name="test_search_posts" time="0.322" /><testcase classname="tests.test_store_blog.TestBlogCategories" name="test_list_categories" time="0.515" /><testcase classname="tests.test_store_blog.TestBlogCategories" name="test_get_category_by_slug" time="0.318" /><testcase classname="tests.test_store_blog.TestBlogCategories" name="test_create_category" time="0.319" /><testcase classname="tests.test_store_blog.TestBlogCategories" name="test_delete_category" time="1.066" /><testcase classname="tests.test_store_blog.TestBlogCategories" name="test_duplicate_category_fails" time="0.320" /></testsuite></testsuites>