<?xml version="1.0" encoding="utf-8"?><testsuites name="pytest tests"><testsuite name="pytest" errors="0" failures="0" skipped="0" tests="16" time="7.176" timestamp="2026-04-04T00:20:26.415480+00:00" hostname="agent-env-a67a1e04-0637-4dd6-a63c-dc2f512d04c1"><testcase classname="backend.tests.test_phase1_features_iter39.TestStateMachine" name="test_operator_new_to_confirmed_allowed" time="1.132" /><testcase classname="backend.tests.test_phase1_features_iter39.TestStateMachine" name="test_operator_invalid_transition_fails" time="0.115" /><testcase classname="backend.tests.test_phase1_features_iter39.TestStateMachine" name="test_driver_endpoint_exists" time="0.262" /><testcase classname="backend.tests.test_phase1_features_iter39.TestStateMachine" name="test_driver_invalid_transition_fails" time="0.105" /><testcase classname="backend.tests.test_phase1_features_iter39.TestTicketEndpoint" name="test_ticket_returns_html" time="0.117" /><testcase classname="backend.tests.test_phase1_features_iter39.TestTicketEndpoint" name="test_ticket_contains_order_number" time="0.118" /><testcase classname="backend.tests.test_phase1_features_iter39.TestTicketEndpoint" name="test_ticket_contains_financial_breakdown" time="0.122" /><testcase classname="backend.tests.test_phase1_features_iter39.TestTicketEndpoint" name="test_ticket_contains_business_info" time="0.108" /><testcase classname="backend.tests.test_phase1_features_iter39.TestZellePayment" name="test_zelle_payment_method_accepted" time="0.228" /><testcase classname="backend.tests.test_phase1_features_iter39.TestZellePayment" name="test_zelle_payment_persisted" time="0.105" /><testcase classname="backend.tests.test_phase1_features_iter39.TestMultiPaymentNotification" name="test_unpaid_notification_has_stripe_link" time="1.098" /><testcase classname="backend.tests.test_phase1_features_iter39.TestMultiPaymentNotification" name="test_unpaid_notification_has_zelle_info" time="0.824" /><testcase classname="backend.tests.test_phase1_features_iter39.TestMultiPaymentNotification" name="test_unpaid_notification_has_cash_option" time="0.821" /><testcase classname="backend.tests.test_phase1_features_iter39.TestMultiPaymentNotification" name="test_paid_notification_thank_you_format" time="0.299" /><testcase classname="backend.tests.test_phase1_features_iter39.TestStatusHistory" name="test_status_history_recorded_on_transition" time="0.642" /><testcase classname="backend.tests.test_phase1_features_iter39.TestWashFoldStateMachine" name="test_wash_fold_transitions" time="0.930" /></testsuite></testsuites>