<?xml version="1.0" encoding="utf-8"?><testsuites name="pytest tests"><testsuite name="pytest" errors="0" failures="0" skipped="1" tests="5" time="1.877" timestamp="2026-04-04T02:09:02.718453+00:00" hostname="agent-env-a67a1e04-0637-4dd6-a63c-dc2f512d04c1"><testcase classname="tests.test_phase2_tabs_iter40.TestHealthEndpoint" name="test_health_returns_ok" time="0.239" /><testcase classname="tests.test_phase2_tabs_iter40.TestOperatorDashboard" name="test_operator_dashboard_loads" time="0.445" /><testcase classname="tests.test_phase2_tabs_iter40.TestStoreOrders" name="test_store_orders_endpoint" time="0.450" /><testcase classname="tests.test_phase2_tabs_iter40.TestOrderTicket" name="test_ticket_endpoint_returns_html" time="0.507"><skipped type="pytest.skip" message="No orders available to test ticket endpoint">/app/backend/tests/test_phase2_tabs_iter40.py:109: No orders available to test ticket endpoint</skipped></testcase><testcase classname="tests.test_phase2_tabs_iter40.TestStoreProducts" name="test_store_products_endpoint" time="0.100" /></testsuite></testsuites>