<?xml version="1.0" encoding="utf-8"?><testsuites name="pytest tests"><testsuite name="pytest" errors="0" failures="11" skipped="0" tests="14" time="24.162" timestamp="2026-03-20T18:16:14.904060+00:00" hostname="agent-env-82bd3842-3af9-4548-8866-8a3478770a12"><testcase classname="backend.tests.test_ai_operations.TestAIOperationsAuth" name="test_ai_operations_requires_auth" time="19.715" /><testcase classname="backend.tests.test_ai_operations.TestAIOperationsAuth" name="test_ai_operations_session_requires_auth" time="0.165" /><testcase classname="backend.tests.test_ai_operations.TestAIOperationsBasic" name="test_ai_operations_basic_message" time="0.664"><failure message="AssertionError: Failed with 502: {&quot;detail&quot;:&quot;AI service error: Error code: 429 - {'error': {'message': 'Rate limit reached for model `llama-3.3-70b-versatile` in organization `org_01khwd7gszeapajsmfvzgfkckg` service tier `on_demand` on tokens per day (TPD): Limit 100000, Used 99761, Requested 6546. Please try again in 1h30m49.248s. Need more tokens? Upgrade to Dev Tier today at https://console.groq.com/settings/billing', 'type': 'tokens', 'code': 'rate_limit_exceeded'}}&quot;}&#10;assert 502 == 200&#10; +  where 502 = &lt;Response [502]&gt;.status_code">backend/tests/test_ai_operations.py:79: in test_ai_operations_basic_message
    assert response.status_code == 200, f"Failed with {response.status_code}: {response.text}"
E   AssertionError: Failed with 502: {"detail":"AI service error: Error code: 429 - {'error': {'message': 'Rate limit reached for model `llama-3.3-70b-versatile` in organization `org_01khwd7gszeapajsmfvzgfkckg` service tier `on_demand` on tokens per day (TPD): Limit 100000, Used 99761, Requested 6546. Please try again in 1h30m49.248s. Need more tokens? Upgrade to Dev Tier today at https://console.groq.com/settings/billing', 'type': 'tokens', 'code': 'rate_limit_exceeded'}}"}
E   assert 502 == 200
E    +  where 502 = &lt;Response [502]&gt;.status_code</failure></testcase><testcase classname="backend.tests.test_ai_operations.TestAIOperationsBasic" name="test_ai_operations_returns_actions" time="0.270"><failure message="AssertionError: Failed: {&quot;detail&quot;:&quot;AI service error: Error code: 429 - {'error': {'message': 'Rate limit reached for model `llama-3.3-70b-versatile` in organization `org_01khwd7gszeapajsmfvzgfkckg` service tier `on_demand` on tokens per day (TPD): Limit 100000, Used 99760, Requested 6547. Please try again in 1h30m49.248s. Need more tokens? Upgrade to Dev Tier today at https://console.groq.com/settings/billing', 'type': 'tokens', 'code': 'rate_limit_exceeded'}}&quot;}&#10;assert 502 == 200&#10; +  where 502 = &lt;Response [502]&gt;.status_code">backend/tests/test_ai_operations.py:108: in test_ai_operations_returns_actions
    assert response.status_code == 200, f"Failed: {response.text}"
E   AssertionError: Failed: {"detail":"AI service error: Error code: 429 - {'error': {'message': 'Rate limit reached for model `llama-3.3-70b-versatile` in organization `org_01khwd7gszeapajsmfvzgfkckg` service tier `on_demand` on tokens per day (TPD): Limit 100000, Used 99760, Requested 6547. Please try again in 1h30m49.248s. Need more tokens? Upgrade to Dev Tier today at https://console.groq.com/settings/billing', 'type': 'tokens', 'code': 'rate_limit_exceeded'}}"}
E   assert 502 == 200
E    +  where 502 = &lt;Response [502]&gt;.status_code</failure></testcase><testcase classname="backend.tests.test_ai_operations.TestAIOperationsBasic" name="test_ai_operations_global_context" time="0.269"><failure message="assert 502 == 200&#10; +  where 502 = &lt;Response [502]&gt;.status_code">backend/tests/test_ai_operations.py:130: in test_ai_operations_global_context
    assert response.status_code == 200
E   assert 502 == 200
E    +  where 502 = &lt;Response [502]&gt;.status_code</failure></testcase><testcase classname="backend.tests.test_ai_operations.TestAISessionPersistence" name="test_session_persistence_create_and_retrieve" time="0.255"><failure message="AssertionError: First message failed: {&quot;detail&quot;:&quot;AI service error: Error code: 429 - {'error': {'message': 'Rate limit reached for model `llama-3.3-70b-versatile` in organization `org_01khwd7gszeapajsmfvzgfkckg` service tier `on_demand` on tokens per day (TPD): Limit 100000, Used 99760, Requested 6543. Please try again in 1h30m45.792s. Need more tokens? Upgrade to Dev Tier today at https://console.groq.com/settings/billing', 'type': 'tokens', 'code': 'rate_limit_exceeded'}}&quot;}&#10;assert 502 == 200&#10; +  where 502 = &lt;Response [502]&gt;.status_code">backend/tests/test_ai_operations.py:158: in test_session_persistence_create_and_retrieve
    assert response1.status_code == 200, f"First message failed: {response1.text}"
E   AssertionError: First message failed: {"detail":"AI service error: Error code: 429 - {'error': {'message': 'Rate limit reached for model `llama-3.3-70b-versatile` in organization `org_01khwd7gszeapajsmfvzgfkckg` service tier `on_demand` on tokens per day (TPD): Limit 100000, Used 99760, Requested 6543. Please try again in 1h30m45.792s. Need more tokens? Upgrade to Dev Tier today at https://console.groq.com/settings/billing', 'type': 'tokens', 'code': 'rate_limit_exceeded'}}"}
E   assert 502 == 200
E    +  where 502 = &lt;Response [502]&gt;.status_code</failure></testcase><testcase classname="backend.tests.test_ai_operations.TestAISessionPersistence" name="test_get_session_empty" time="0.177" /><testcase classname="backend.tests.test_ai_operations.TestCriticalActionConfirmation" name="test_critical_action_requires_confirmation" time="0.281"><failure message="AssertionError: Failed: {&quot;detail&quot;:&quot;AI service error: Error code: 429 - {'error': {'message': 'Rate limit reached for model `llama-3.3-70b-versatile` in organization `org_01khwd7gszeapajsmfvzgfkckg` service tier `on_demand` on tokens per day (TPD): Limit 100000, Used 99759, Requested 6548. Please try again in 1h30m49.248s. Need more tokens? Upgrade to Dev Tier today at https://console.groq.com/settings/billing', 'type': 'tokens', 'code': 'rate_limit_exceeded'}}&quot;}&#10;assert 502 == 200&#10; +  where 502 = &lt;Response [502]&gt;.status_code">backend/tests/test_ai_operations.py:218: in test_critical_action_requires_confirmation
    assert response.status_code == 200, f"Failed: {response.text}"
E   AssertionError: Failed: {"detail":"AI service error: Error code: 429 - {'error': {'message': 'Rate limit reached for model `llama-3.3-70b-versatile` in organization `org_01khwd7gszeapajsmfvzgfkckg` service tier `on_demand` on tokens per day (TPD): Limit 100000, Used 99759, Requested 6548. Please try again in 1h30m49.248s. Need more tokens? Upgrade to Dev Tier today at https://console.groq.com/settings/billing', 'type': 'tokens', 'code': 'rate_limit_exceeded'}}"}
E   assert 502 == 200
E    +  where 502 = &lt;Response [502]&gt;.status_code</failure></testcase><testcase classname="backend.tests.test_ai_operations.TestCriticalActionConfirmation" name="test_confirmation_flow" time="0.286"><failure message="assert 502 == 200&#10; +  where 502 = &lt;Response [502]&gt;.status_code">backend/tests/test_ai_operations.py:244: in test_confirmation_flow
    assert response1.status_code == 200
E   assert 502 == 200
E    +  where 502 = &lt;Response [502]&gt;.status_code</failure></testcase><testcase classname="backend.tests.test_ai_operations.TestAuditLogging" name="test_command_logged" time="0.274"><failure message="assert 502 == 200&#10; +  where 502 = &lt;Response [502]&gt;.status_code">backend/tests/test_ai_operations.py:291: in test_command_logged
    assert response.status_code == 200
E   assert 502 == 200
E    +  where 502 = &lt;Response [502]&gt;.status_code</failure></testcase><testcase classname="backend.tests.test_ai_operations.TestEdgeCases" name="test_empty_message" time="0.236"><failure message="AssertionError: Unexpected status: 502&#10;assert 502 in [200, 400, 422]&#10; +  where 502 = &lt;Response [502]&gt;.status_code">backend/tests/test_ai_operations.py:315: in test_empty_message
    assert response.status_code in [200, 400, 422], f"Unexpected status: {response.status_code}"
E   AssertionError: Unexpected status: 502
E   assert 502 in [200, 400, 422]
E    +  where 502 = &lt;Response [502]&gt;.status_code</failure></testcase><testcase classname="backend.tests.test_ai_operations.TestEdgeCases" name="test_long_message" time="0.281"><failure message="AssertionError: Unexpected status for long message: 502&#10;assert 502 in [200, 400, 413]&#10; +  where 502 = &lt;Response [502]&gt;.status_code">backend/tests/test_ai_operations.py:330: in test_long_message
    assert response.status_code in [200, 400, 413], f"Unexpected status for long message: {response.status_code}"
E   AssertionError: Unexpected status for long message: 502
E   assert 502 in [200, 400, 413]
E    +  where 502 = &lt;Response [502]&gt;.status_code</failure></testcase><testcase classname="backend.tests.test_ai_operations.TestEdgeCases" name="test_with_context" time="0.523"><failure message="AssertionError: Context request failed: {&quot;detail&quot;:&quot;AI service error: Error code: 429 - {'error': {'message': 'Rate limit reached for model `llama-3.3-70b-versatile` in organization `org_01khwd7gszeapajsmfvzgfkckg` service tier `on_demand` on tokens per day (TPD): Limit 100000, Used 99757, Requested 6562. Please try again in 1h30m59.616s. Need more tokens? Upgrade to Dev Tier today at https://console.groq.com/settings/billing', 'type': 'tokens', 'code': 'rate_limit_exceeded'}}&quot;}&#10;assert 502 == 200&#10; +  where 502 = &lt;Response [502]&gt;.status_code">backend/tests/test_ai_operations.py:348: in test_with_context
    assert response.status_code == 200, f"Context request failed: {response.text}"
E   AssertionError: Context request failed: {"detail":"AI service error: Error code: 429 - {'error': {'message': 'Rate limit reached for model `llama-3.3-70b-versatile` in organization `org_01khwd7gszeapajsmfvzgfkckg` service tier `on_demand` on tokens per day (TPD): Limit 100000, Used 99757, Requested 6562. Please try again in 1h30m59.616s. Need more tokens? Upgrade to Dev Tier today at https://console.groq.com/settings/billing', 'type': 'tokens', 'code': 'rate_limit_exceeded'}}"}
E   assert 502 == 200
E    +  where 502 = &lt;Response [502]&gt;.status_code</failure></testcase><testcase classname="backend.tests.test_ai_operations.TestIntegration" name="test_full_operator_flow" time="0.634"><failure message="assert 502 == 200&#10; +  where 502 = &lt;Response [502]&gt;.status_code">backend/tests/test_ai_operations.py:365: in test_full_operator_flow
    assert r1.status_code == 200
E   assert 502 == 200
E    +  where 502 = &lt;Response [502]&gt;.status_code</failure></testcase></testsuite></testsuites>