<?xml version="1.0" encoding="utf-8"?><testsuites name="pytest tests"><testsuite name="pytest" errors="0" failures="0" skipped="0" tests="20" time="16.383" timestamp="2026-02-01T07:02:09.634503+00:00" hostname="agent-env-e4020c1b-881f-49d9-ae60-848769ac4583"><testcase classname="backend.tests.test_customer_portal.TestHealthCheck" name="test_api_health" time="0.470" /><testcase classname="backend.tests.test_customer_portal.TestHealthCheck" name="test_api_root" time="0.448" /><testcase classname="backend.tests.test_customer_portal.TestCustomerAuthentication" name="test_customer_register" time="1.002" /><testcase classname="backend.tests.test_customer_portal.TestCustomerAuthentication" name="test_customer_register_duplicate_email" time="1.017" /><testcase classname="backend.tests.test_customer_portal.TestCustomerAuthentication" name="test_customer_login_success" time="1.250" /><testcase classname="backend.tests.test_customer_portal.TestCustomerAuthentication" name="test_customer_login_invalid_password" time="1.347" /><testcase classname="backend.tests.test_customer_portal.TestCustomerAuthentication" name="test_customer_login_nonexistent_email" time="0.677" /><testcase classname="backend.tests.test_customer_portal.TestCustomerProfile" name="test_get_customer_profile" time="1.014" /><testcase classname="backend.tests.test_customer_portal.TestCustomerProfile" name="test_get_customer_orders" time="1.226" /><testcase classname="backend.tests.test_customer_portal.TestCustomerProfile" name="test_customer_profile_invalid_token" time="0.342" /><testcase classname="backend.tests.test_customer_portal.TestPublicPickupRequest" name="test_pickup_request_success" time="0.452" /><testcase classname="backend.tests.test_customer_portal.TestPublicPickupRequest" name="test_pickup_request_missing_required_fields" time="0.455" /><testcase classname="backend.tests.test_customer_portal.TestPublicPickupRequest" name="test_pickup_request_invalid_email" time="0.341" /><testcase classname="backend.tests.test_customer_portal.TestPublicContactForm" name="test_contact_form_success" time="0.759" /><testcase classname="backend.tests.test_customer_portal.TestPublicContactForm" name="test_contact_form_minimal_fields" time="0.371" /><testcase classname="backend.tests.test_customer_portal.TestPublicQuoteRequest" name="test_quote_request_success" time="0.766" /><testcase classname="backend.tests.test_customer_portal.TestPublicQuoteRequest" name="test_quote_request_minimal_fields" time="0.448" /><testcase classname="backend.tests.test_customer_portal.TestAdminLogin" name="test_admin_login_success" time="1.354" /><testcase classname="backend.tests.test_customer_portal.TestAdminLogin" name="test_admin_login_invalid_credentials" time="0.764" /><testcase classname="backend.tests.test_customer_portal.TestCustomerOrderIntegration" name="test_customer_sees_pickup_order" time="1.807" /></testsuite></testsuites>