<?xml version="1.0" encoding="utf-8"?><testsuites name="pytest tests"><testsuite name="pytest" errors="0" failures="0" skipped="0" tests="22" time="5.372" timestamp="2026-04-12T07:10:22.813146+00:00" hostname="agent-env-a67a1e04-0637-4dd6-a63c-dc2f512d04c1"><testcase classname="tests.test_customer_payment_ocr_iter43.TestCustomerAuth" name="test_customer_login_success" time="0.441" /><testcase classname="tests.test_customer_payment_ocr_iter43.TestCustomerAuth" name="test_customer_login_invalid_credentials" time="0.047" /><testcase classname="tests.test_customer_payment_ocr_iter43.TestCustomerAuth" name="test_customer_register_existing_email" time="0.043" /><testcase classname="tests.test_customer_payment_ocr_iter43.TestPendingPayments" name="test_get_pending_payments_authenticated" time="0.320" /><testcase classname="tests.test_customer_payment_ocr_iter43.TestPendingPayments" name="test_get_pending_payments_unauthenticated" time="0.104" /><testcase classname="tests.test_customer_payment_ocr_iter43.TestStripeCheckout" name="test_checkout_auth_returns_stripe_url_or_already_paid" time="0.045" /><testcase classname="tests.test_customer_payment_ocr_iter43.TestStripeCheckout" name="test_checkout_auth_requires_authentication" time="0.124" /><testcase classname="tests.test_customer_payment_ocr_iter43.TestConfirmPayment" name="test_confirm_payment_public_no_auth" time="0.120" /><testcase classname="tests.test_customer_payment_ocr_iter43.TestConfirmPayment" name="test_confirm_payment_already_paid" time="0.122" /><testcase classname="tests.test_customer_payment_ocr_iter43.TestConfirmPayment" name="test_confirm_payment_invalid_order" time="0.099" /><testcase classname="tests.test_customer_payment_ocr_iter43.TestMarkZelle" name="test_mark_zelle_success_or_already_paid" time="0.042" /><testcase classname="tests.test_customer_payment_ocr_iter43.TestMarkZelle" name="test_mark_venmo_success_or_already_paid" time="0.045" /><testcase classname="tests.test_customer_payment_ocr_iter43.TestMarkZelle" name="test_mark_cashapp_success_or_already_paid" time="0.053" /><testcase classname="tests.test_customer_payment_ocr_iter43.TestMarkZelle" name="test_mark_zelle_requires_auth" time="0.106" /><testcase classname="tests.test_customer_payment_ocr_iter43.TestUploadReceipt" name="test_upload_receipt_success" time="0.110" /><testcase classname="tests.test_customer_payment_ocr_iter43.TestUploadReceipt" name="test_upload_receipt_requires_auth" time="0.108" /><testcase classname="tests.test_customer_payment_ocr_iter43.TestUploadReceipt" name="test_upload_receipt_rejects_invalid_type" time="0.103" /><testcase classname="tests.test_customer_payment_ocr_iter43.TestOCRReceipt" name="test_ocr_receipt_extracts_amount" time="2.742" /><testcase classname="tests.test_customer_payment_ocr_iter43.TestOCRReceipt" name="test_ocr_receipt_requires_auth" time="0.106" /><testcase classname="tests.test_customer_payment_ocr_iter43.TestOCRReceipt" name="test_ocr_receipt_invalid_file_id" time="0.042" /><testcase classname="tests.test_customer_payment_ocr_iter43.TestCustomerProfile" name="test_get_customer_me" time="0.047" /><testcase classname="tests.test_customer_payment_ocr_iter43.TestCustomerProfile" name="test_get_customer_orders" time="0.280" /></testsuite></testsuites>