<?xml version="1.0" encoding="utf-8"?><testsuites name="pytest tests"><testsuite name="pytest" errors="0" failures="0" skipped="0" tests="11" time="3.650" timestamp="2026-04-13T19:55:29.438007+00:00" hostname="agent-env-a67a1e04-0637-4dd6-a63c-dc2f512d04c1"><testcase classname="backend.tests.test_customer_registration_iter45.TestHealthCheck" name="test_health_endpoint" time="0.146" /><testcase classname="backend.tests.test_customer_registration_iter45.TestCustomerRegistration" name="test_register_with_all_fields" time="0.365" /><testcase classname="backend.tests.test_customer_registration_iter45.TestCustomerRegistration" name="test_register_minimal_fields" time="0.334" /><testcase classname="backend.tests.test_customer_registration_iter45.TestCustomerRegistration" name="test_register_duplicate_email_fails" time="0.133" /><testcase classname="backend.tests.test_customer_registration_iter45.TestCustomerLogin" name="test_login_existing_customer" time="0.346" /><testcase classname="backend.tests.test_customer_registration_iter45.TestCustomerLogin" name="test_login_invalid_credentials" time="0.348" /><testcase classname="backend.tests.test_customer_registration_iter45.TestCustomerLogin" name="test_login_nonexistent_email" time="0.108" /><testcase classname="backend.tests.test_customer_registration_iter45.TestOrdersEndpoint" name="test_orders_requires_auth" time="0.115" /><testcase classname="backend.tests.test_customer_registration_iter45.TestOrdersEndpoint" name="test_orders_with_admin_auth" time="0.542" /><testcase classname="backend.tests.test_customer_registration_iter45.TestCustomerDataPersistence" name="test_register_and_verify_data" time="0.703" /><testcase classname="backend.tests.test_customer_registration_iter45.TestCustomerMeEndpoint" name="test_customer_me_with_auth" time="0.449" /></testsuite></testsuites>