<?xml version="1.0" encoding="utf-8"?><testsuites name="pytest tests"><testsuite name="pytest" errors="0" failures="0" skipped="0" tests="15" time="4.513" timestamp="2026-03-21T19:03:23.016130+00:00" hostname="agent-env-a67a1e04-0637-4dd6-a63c-dc2f512d04c1"><testcase classname="tests.test_refactoring_verification.TestHealthCheck" name="test_health_endpoint_responds" time="0.219" /><testcase classname="tests.test_refactoring_verification.TestAuthentication" name="test_login_with_admin_credentials" time="0.364" /><testcase classname="tests.test_refactoring_verification.TestAuthentication" name="test_login_with_invalid_credentials" time="0.327" /><testcase classname="tests.test_refactoring_verification.TestDashboard" name="test_dashboard_stats" time="0.479" /><testcase classname="tests.test_refactoring_verification.TestAIEndpoints" name="test_ai_metrics" time="0.479" /><testcase classname="tests.test_refactoring_verification.TestAIEndpoints" name="test_ai_pending_actions" time="0.147" /><testcase classname="tests.test_refactoring_verification.TestServices" name="test_get_services" time="0.477" /><testcase classname="tests.test_refactoring_verification.TestServices" name="test_get_public_services" time="0.105" /><testcase classname="tests.test_refactoring_verification.TestCustomers" name="test_get_customers" time="0.480" /><testcase classname="tests.test_refactoring_verification.TestOrders" name="test_get_orders" time="0.469" /><testcase classname="tests.test_refactoring_verification.TestOrders" name="test_create_order_requires_customer" time="0.102" /><testcase classname="tests.test_refactoring_verification.TestSharedModulesIntegration" name="test_auth_me_endpoint" time="0.429" /><testcase classname="tests.test_refactoring_verification.TestSharedModulesIntegration" name="test_dashboard_recent_activity" time="0.127" /><testcase classname="tests.test_refactoring_verification.TestPublicEndpoints" name="test_public_membership_plans" time="0.111" /><testcase classname="tests.test_refactoring_verification.TestPublicEndpoints" name="test_public_membership_section" time="0.119" /></testsuite></testsuites>