<?xml version="1.0" encoding="utf-8"?><testsuites name="pytest tests"><testsuite name="pytest" errors="0" failures="0" skipped="0" tests="7" time="42.363" timestamp="2026-02-25T18:02:01.435475+00:00" hostname="agent-env-283707ee-d1ba-4ad0-adda-b89d2abc5e9c"><testcase classname="backend.tests.test_delivery_flow.TestAuth" name="test_admin_login" time="31.451" /><testcase classname="backend.tests.test_delivery_flow.TestOperatorDashboard" name="test_operator_dashboard_returns_valid_json" time="0.204" /><testcase classname="backend.tests.test_delivery_flow.TestOperatorDashboard" name="test_ready_for_delivery_includes_expected_statuses" time="0.194" /><testcase classname="backend.tests.test_delivery_flow.TestOrderStatusUpdate" name="test_patch_status_returns_200" time="1.439" /><testcase classname="backend.tests.test_delivery_flow.TestOrderStatusUpdate" name="test_delivery_flow_status_updates" time="5.754" /><testcase classname="backend.tests.test_delivery_flow.TestOrderStatusUpdate" name="test_automation_order_status_update_returns_200" time="1.689" /><testcase classname="backend.tests.test_delivery_flow.TestNotificationTrigger" name="test_status_update_with_notify_flag" time="1.565" /></testsuite></testsuites>