<?xml version="1.0" encoding="utf-8"?><testsuites name="pytest tests"><testsuite name="pytest" errors="0" failures="0" skipped="3" tests="14" time="76.825" timestamp="2026-04-01T07:59:11.222639+00:00" hostname="agent-env-a67a1e04-0637-4dd6-a63c-dc2f512d04c1"><testcase classname="tests.test_code_quality_iter35.TestHealthAndServerStartup" name="test_health_endpoint_returns_200" time="0.118" /><testcase classname="tests.test_code_quality_iter35.TestHealthAndServerStartup" name="test_api_root_endpoint" time="0.094" /><testcase classname="tests.test_code_quality_iter35.TestAuthIntegration" name="test_login_with_valid_credentials" time="0.318" /><testcase classname="tests.test_code_quality_iter35.TestAuthIntegration" name="test_auth_me_with_token" time="0.432" /><testcase classname="tests.test_code_quality_iter35.TestAutomationDashboard" name="test_operator_dashboard_returns_data" time="0.431" /><testcase classname="tests.test_code_quality_iter35.TestAIEndpoints" name="test_ai_operations_no_syntax_error" time="7.935" /><testcase classname="tests.test_code_quality_iter35.TestAIEndpoints" name="test_admin_ai_no_syntax_error" time="4.378" /><testcase classname="tests.test_code_quality_iter35.TestAIEndpoints" name="test_ai_briefing" time="60.470" /><testcase classname="tests.test_code_quality_iter35.TestRegressionOrderStatusFlow" name="test_order_status_update_flow" time="0.602"><skipped type="pytest.skip" message="No orders available for status flow test">/app/backend/tests/test_code_quality_iter35.py:187: No orders available for status flow test</skipped></testcase><testcase classname="tests.test_code_quality_iter35.TestRegressionNotifyCustomer" name="test_notify_customer_endpoint_exists" time="0.434"><skipped type="pytest.skip" message="No orders available for notify test">/app/backend/tests/test_code_quality_iter35.py:228: No orders available for notify test</skipped></testcase><testcase classname="tests.test_code_quality_iter35.TestRegressionQRCode" name="test_qr_code_endpoint" time="0.433"><skipped type="pytest.skip" message="No orders available for QR test">/app/backend/tests/test_code_quality_iter35.py:270: No orders available for QR test</skipped></testcase><testcase classname="tests.test_code_quality_iter35.TestRegressionStoreCheckout" name="test_manual_checkout_creates_order" time="0.782" /><testcase classname="tests.test_code_quality_iter35.TestCircularImportValidation" name="test_server_imports_from_shared" time="0.105" /><testcase classname="tests.test_code_quality_iter35.TestCircularImportValidation" name="test_all_routers_loaded" time="0.197" /></testsuite></testsuites>