<?xml version="1.0" encoding="utf-8"?><testsuites name="pytest tests"><testsuite name="pytest" errors="0" failures="0" skipped="0" tests="13" time="2.768" timestamp="2026-04-03T04:12:41.103438+00:00" hostname="agent-env-a67a1e04-0637-4dd6-a63c-dc2f512d04c1"><testcase classname="backend.tests.test_quick_sale_pos.TestStripePublishableKey" name="test_get_publishable_key" time="0.129" /><testcase classname="backend.tests.test_quick_sale_pos.TestCashPayment" name="test_cash_sale_success" time="0.435" /><testcase classname="backend.tests.test_quick_sale_pos.TestCashPayment" name="test_cash_sale_requires_auth" time="0.119" /><testcase classname="backend.tests.test_quick_sale_pos.TestCashPayment" name="test_cash_sale_requires_customer_name" time="0.122" /><testcase classname="backend.tests.test_quick_sale_pos.TestCardOnScreenPayment" name="test_card_sale_creates_payment_intent" time="0.463" /><testcase classname="backend.tests.test_quick_sale_pos.TestCardOnScreenPayment" name="test_card_sale_minimum_amount" time="0.103" /><testcase classname="backend.tests.test_quick_sale_pos.TestCardOnScreenPayment" name="test_card_sale_requires_auth" time="0.124" /><testcase classname="backend.tests.test_quick_sale_pos.TestTerminalTapPayment" name="test_terminal_connection_token" time="0.285" /><testcase classname="backend.tests.test_quick_sale_pos.TestTerminalTapPayment" name="test_terminal_connection_token_requires_auth" time="0.120" /><testcase classname="backend.tests.test_quick_sale_pos.TestTerminalTapPayment" name="test_terminal_sale_creates_payment_intent" time="0.372" /><testcase classname="backend.tests.test_quick_sale_pos.TestTerminalTapPayment" name="test_terminal_sale_minimum_amount" time="0.161" /><testcase classname="backend.tests.test_quick_sale_pos.TestTerminalTapPayment" name="test_terminal_sale_requires_auth" time="0.109" /><testcase classname="backend.tests.test_quick_sale_pos.TestConfirmPayment" name="test_confirm_payment_endpoint_exists" time="0.124" /></testsuite></testsuites>