<?xml version="1.0" encoding="utf-8"?><testsuites name="pytest tests"><testsuite name="pytest" errors="0" failures="0" skipped="0" tests="32" time="0.222" timestamp="2026-03-04T17:17:00.596209+00:00" hostname="agent-env-82bd3842-3af9-4548-8866-8a3478770a12"><testcase classname="tests.test_notifications_premium.TestMilestones" name="test_wash_fold_milestones_defined" time="0.000" /><testcase classname="tests.test_notifications_premium.TestMilestones" name="test_pickup_delivery_milestones_defined" time="0.000" /><testcase classname="tests.test_notifications_premium.TestEventMapping" name="test_order_created_maps_correctly" time="0.000" /><testcase classname="tests.test_notifications_premium.TestEventMapping" name="test_pickup_scheduled_maps_to_pickup_confirmed" time="0.000" /><testcase classname="tests.test_notifications_premium.TestEventMapping" name="test_pickup_reminder_maps_to_pickup_confirmed" time="0.000" /><testcase classname="tests.test_notifications_premium.TestEventMapping" name="test_pickup_completed_maps_to_pickup_confirmed" time="0.000" /><testcase classname="tests.test_notifications_premium.TestPremiumTemplatesOrderNumber" name="test_order_received_includes_order_number_spanish" time="0.000" /><testcase classname="tests.test_notifications_premium.TestPremiumTemplatesOrderNumber" name="test_order_received_includes_order_number_english" time="0.000" /><testcase classname="tests.test_notifications_premium.TestPremiumTemplatesOrderNumber" name="test_order_created_includes_order_number_spanish" time="0.000" /><testcase classname="tests.test_notifications_premium.TestPremiumTemplatesOrderNumber" name="test_order_created_includes_order_number_english" time="0.000" /><testcase classname="tests.test_notifications_premium.TestPremiumTemplatesOrderNumber" name="test_ready_for_pickup_no_order_number" time="0.000" /><testcase classname="tests.test_notifications_premium.TestPremiumTemplatesOrderNumber" name="test_completed_no_order_number" time="0.000" /><testcase classname="tests.test_notifications_premium.TestPremiumTemplatesOrderNumber" name="test_pickup_confirmed_no_order_number" time="0.000" /><testcase classname="tests.test_notifications_premium.TestPremiumTemplatesOrderNumber" name="test_ready_no_order_number" time="0.000" /><testcase classname="tests.test_notifications_premium.TestPremiumTemplatesOrderNumber" name="test_out_for_delivery_no_order_number" time="0.000" /><testcase classname="tests.test_notifications_premium.TestPremiumTemplatesOrderNumber" name="test_delivered_no_order_number" time="0.000" /><testcase classname="tests.test_notifications_premium.TestPremiumTemplatesNoDuplicateBrand" name="test_message_has_single_brand_prefix" time="0.000" /><testcase classname="tests.test_notifications_premium.TestPremiumTemplatesNoDuplicateBrand" name="test_message_clean_for_twilio" time="0.000" /><testcase classname="tests.test_notifications_premium.TestQuietHoursEnforcement" name="test_enforce_quiet_hours_disabled_by_default" time="0.000" /><testcase classname="tests.test_notifications_premium.TestQuietHoursEnforcement" name="test_is_quiet_hours_function_works" time="0.000" /><testcase classname="tests.test_notifications_premium.TestContactPreferences" name="test_normalize_sms_variations" time="0.000" /><testcase classname="tests.test_notifications_premium.TestContactPreferences" name="test_normalize_whatsapp_variations" time="0.000" /><testcase classname="tests.test_notifications_premium.TestContactPreferences" name="test_normalize_email_variations" time="0.000" /><testcase classname="tests.test_notifications_premium.TestPhoneFormatting" name="test_format_us_10_digit" time="0.000" /><testcase classname="tests.test_notifications_premium.TestPhoneFormatting" name="test_format_mexico_number" time="0.000" /><testcase classname="tests.test_notifications_premium.TestPhoneFormatting" name="test_format_already_formatted" time="0.000" /><testcase classname="tests.test_notifications_premium.TestLanguageDetection" name="test_detect_spanish_default" time="0.000" /><testcase classname="tests.test_notifications_premium.TestLanguageDetection" name="test_detect_english_for_us_number" time="0.000" /><testcase classname="tests.test_notifications_premium.TestLanguageDetection" name="test_detect_preferred_language" time="0.000" /><testcase classname="tests.test_notifications_premium.TestSmsConsent" name="test_has_consent_from_order" time="0.000" /><testcase classname="tests.test_notifications_premium.TestSmsConsent" name="test_has_consent_from_customer" time="0.000" /><testcase classname="tests.test_notifications_premium.TestSmsConsent" name="test_no_consent" time="0.000" /></testsuite></testsuites>