<?xml version="1.0" encoding="utf-8"?><testsuites name="pytest tests"><testsuite name="pytest" errors="0" failures="2" skipped="0" tests="14" time="7.416" timestamp="2026-03-26T20:52:37.010497+00:00" hostname="agent-env-a67a1e04-0637-4dd6-a63c-dc2f512d04c1"><testcase classname="backend.tests.test_logistics_real_backend.TestLogisticsOrdersEndpoint" name="test_logistics_orders_requires_auth" time="0.420"><failure message="AssertionError: Expected 401, got 403&#10;assert 403 == 401&#10; +  where 403 = &lt;Response [403]&gt;.status_code">backend/tests/test_logistics_real_backend.py:40: in test_logistics_orders_requires_auth
    assert response.status_code == 401, f"Expected 401, got {response.status_code}"
E   AssertionError: Expected 401, got 403
E   assert 403 == 401
E    +  where 403 = &lt;Response [403]&gt;.status_code</failure></testcase><testcase classname="backend.tests.test_logistics_real_backend.TestLogisticsOrdersEndpoint" name="test_logistics_orders_returns_array" time="0.479" /><testcase classname="backend.tests.test_logistics_real_backend.TestLogisticsOrdersEndpoint" name="test_logistics_orders_structure" time="0.472" /><testcase classname="backend.tests.test_logistics_real_backend.TestLogisticsOrdersEndpoint" name="test_logistics_orders_have_coordinates" time="0.465" /><testcase classname="backend.tests.test_logistics_real_backend.TestLogisticsOrdersEndpoint" name="test_logistics_orders_include_delivered_param" time="0.655" /><testcase classname="backend.tests.test_logistics_real_backend.TestLogisticsOrdersEndpoint" name="test_logistics_orders_crm_and_store_sources" time="0.467" /><testcase classname="backend.tests.test_logistics_real_backend.TestLogisticsStatusUpdate" name="test_status_update_requires_auth" time="0.131"><failure message="AssertionError: Expected 401, got 403&#10;assert 403 == 401&#10; +  where 403 = &lt;Response [403]&gt;.status_code">backend/tests/test_logistics_real_backend.py:186: in test_status_update_requires_auth
    assert response.status_code == 401, f"Expected 401, got {response.status_code}"
E   AssertionError: Expected 401, got 403
E   assert 403 == 401
E    +  where 403 = &lt;Response [403]&gt;.status_code</failure></testcase><testcase classname="backend.tests.test_logistics_real_backend.TestLogisticsStatusUpdate" name="test_status_update_invalid_order" time="0.469" /><testcase classname="backend.tests.test_logistics_real_backend.TestLogisticsStatusUpdate" name="test_status_update_crm_order" time="0.760" /><testcase classname="backend.tests.test_logistics_real_backend.TestLogisticsStatusUpdate" name="test_status_update_store_order" time="0.999" /><testcase classname="backend.tests.test_logistics_real_backend.TestGeocodeCache" name="test_geocode_cache_performance" time="0.567" /><testcase classname="backend.tests.test_logistics_real_backend.TestOrderTypeMapping" name="test_order_types_are_valid" time="0.450" /><testcase classname="backend.tests.test_logistics_real_backend.TestOrderTypeMapping" name="test_order_statuses_are_valid" time="0.476" /><testcase classname="backend.tests.test_logistics_real_backend.TestWashFoldNearbyOpportunity" name="test_wash_fold_orders_exist" time="0.473" /></testsuite></testsuites>