<?xml version="1.0" encoding="utf-8"?><testsuites name="pytest tests"><testsuite name="pytest" errors="0" failures="0" skipped="1" tests="14" time="12.887" timestamp="2026-04-01T05:59:35.817613+00:00" hostname="agent-env-a67a1e04-0637-4dd6-a63c-dc2f512d04c1"><testcase classname="backend.tests.test_stripe_notify_iter34.TestStripePaymentFlow" name="test_01_stripe_publishable_key" time="0.514" /><testcase classname="backend.tests.test_stripe_notify_iter34.TestStripePaymentFlow" name="test_02_quick_sale_creates_payment_intent" time="0.812" /><testcase classname="backend.tests.test_stripe_notify_iter34.TestStripePaymentFlow" name="test_03_quick_sale_minimum_amount" time="0.414" /><testcase classname="backend.tests.test_stripe_notify_iter34.TestStoreCheckout" name="test_04_create_cart_and_add_items" time="0.477" /><testcase classname="backend.tests.test_stripe_notify_iter34.TestStoreCheckout" name="test_05_store_checkout_returns_checkout_url" time="0.877" /><testcase classname="backend.tests.test_stripe_notify_iter34.TestStoreCheckout" name="test_06_manual_checkout_creates_finance_entry" time="0.511" /><testcase classname="backend.tests.test_stripe_notify_iter34.TestStripeConfirmPayment" name="test_07_confirm_payment_endpoint_exists" time="0.668" /><testcase classname="backend.tests.test_stripe_notify_iter34.TestNotifyCustomerDirect" name="test_08_notify_customer_sms" time="0.690" /><testcase classname="backend.tests.test_stripe_notify_iter34.TestNotifyCustomerDirect" name="test_09_notify_customer_email" time="0.719" /><testcase classname="backend.tests.test_stripe_notify_iter34.TestNotifyCustomerDirect" name="test_10_notify_customer_whatsapp" time="5.328" /><testcase classname="backend.tests.test_stripe_notify_iter34.TestNotifyCustomerDirect" name="test_11_notify_customer_invalid_order" time="0.426" /><testcase classname="backend.tests.test_stripe_notify_iter34.TestRegressionPaymentFinance" name="test_12_orders_payment_creates_finance_entry" time="0.369"><skipped type="pytest.skip" message="No unpaid order with total_amount available for testing">/app/backend/tests/test_stripe_notify_iter34.py:355: No unpaid order with total_amount available for testing</skipped></testcase><testcase classname="backend.tests.test_stripe_notify_iter34.TestRegressionAutomationStatus" name="test_13_automation_status_endpoint_works" time="0.582" /><testcase classname="backend.tests.test_stripe_notify_iter34.TestRegressionAutomationStatus" name="test_14_operator_dashboard_returns_data" time="0.387" /></testsuite></testsuites>