<?xml version="1.0" encoding="utf-8"?><testsuites name="pytest tests"><testsuite name="pytest" errors="0" failures="0" skipped="0" tests="23" time="15.023" timestamp="2026-03-29T01:10:48.168891+00:00" hostname="agent-env-a67a1e04-0637-4dd6-a63c-dc2f512d04c1"><testcase classname="tests.test_file_uploads.TestAuth" name="test_login_returns_token" time="0.416" /><testcase classname="tests.test_file_uploads.TestFileUpload" name="test_upload_image_file" time="0.704" /><testcase classname="tests.test_file_uploads.TestFileUpload" name="test_upload_pdf_file" time="0.276" /><testcase classname="tests.test_file_uploads.TestFileUpload" name="test_upload_text_file" time="0.237" /><testcase classname="tests.test_file_uploads.TestFileUpload" name="test_upload_without_context" time="0.303" /><testcase classname="tests.test_file_uploads.TestFileUpload" name="test_upload_requires_auth" time="0.164" /><testcase classname="tests.test_file_uploads.TestFileDownload" name="test_download_with_header_auth" time="0.763" /><testcase classname="tests.test_file_uploads.TestFileDownload" name="test_download_with_query_param_auth" time="0.246" /><testcase classname="tests.test_file_uploads.TestFileDownload" name="test_download_requires_auth" time="0.125" /><testcase classname="tests.test_file_uploads.TestFileDownload" name="test_download_nonexistent_file" time="0.136" /><testcase classname="tests.test_file_uploads.TestFileListByContext" name="test_list_files_by_context" time="0.954" /><testcase classname="tests.test_file_uploads.TestFileListByContext" name="test_list_files_empty_context" time="0.128" /><testcase classname="tests.test_file_uploads.TestFileSoftDelete" name="test_soft_delete_file" time="2.476" /><testcase classname="tests.test_file_uploads.TestFileSoftDelete" name="test_delete_nonexistent_file" time="0.113" /><testcase classname="tests.test_file_uploads.TestDeliveryRulesStillWork" name="test_get_zones" time="0.555" /><testcase classname="tests.test_file_uploads.TestDeliveryRulesStillWork" name="test_validate_zip" time="0.220" /><testcase classname="tests.test_file_uploads.TestKPIsStillWork" name="test_get_operational_kpis" time="0.523" /><testcase classname="tests.test_file_uploads.TestRefactoredEndpointsStillWork" name="test_dashboard_stats" time="0.466" /><testcase classname="tests.test_file_uploads.TestRefactoredEndpointsStillWork" name="test_customers_list" time="0.118" /><testcase classname="tests.test_file_uploads.TestRefactoredEndpointsStillWork" name="test_quotes_list" time="0.115" /><testcase classname="tests.test_file_uploads.TestRefactoredEndpointsStillWork" name="test_leads_list" time="0.120" /><testcase classname="tests.test_file_uploads.TestRefactoredEndpointsStillWork" name="test_tickets_list" time="0.113" /><testcase classname="tests.test_file_uploads.TestExpenseCreationFlow" name="test_create_expense_and_attach_file" time="5.557" /></testsuite></testsuites>