<?xml version="1.0" encoding="utf-8"?><testsuites name="pytest tests"><testsuite name="pytest" errors="0" failures="0" skipped="0" tests="11" time="4.245" timestamp="2026-03-26T20:28:21.342743+00:00" hostname="agent-env-a67a1e04-0637-4dd6-a63c-dc2f512d04c1"><testcase classname="backend.tests.test_logistics_map.TestHealthEndpoint" name="test_health_endpoint_returns_ok" time="0.166" /><testcase classname="backend.tests.test_logistics_map.TestTimChatEndpoint" name="test_tim_chat_basic_message" time="0.430" /><testcase classname="backend.tests.test_logistics_map.TestTimChatEndpoint" name="test_tim_chat_route_question" time="0.498" /><testcase classname="backend.tests.test_logistics_map.TestTimChatEndpoint" name="test_tim_chat_traffic_question" time="0.490" /><testcase classname="backend.tests.test_logistics_map.TestTimChatEndpoint" name="test_tim_chat_empty_messages_fails" time="0.233" /><testcase classname="backend.tests.test_logistics_map.TestAuthAndStoreOrders" name="test_auth_login_success" time="0.429" /><testcase classname="backend.tests.test_logistics_map.TestAuthAndStoreOrders" name="test_auth_login_invalid_password" time="0.382" /><testcase classname="backend.tests.test_logistics_map.TestAuthAndStoreOrders" name="test_store_orders_endpoint" time="0.486" /><testcase classname="backend.tests.test_logistics_map.TestAuthAndStoreOrders" name="test_store_orders_without_auth" time="0.123" /><testcase classname="backend.tests.test_logistics_map.TestDashboardEndpoints" name="test_dashboard_stats" time="0.475" /><testcase classname="backend.tests.test_logistics_map.TestDashboardEndpoints" name="test_auth_me_endpoint" time="0.444" /></testsuite></testsuites>