<?xml version="1.0" encoding="utf-8"?><testsuites name="pytest tests"><testsuite name="pytest" errors="0" failures="0" skipped="0" tests="19" time="155.509" timestamp="2026-03-01T20:14:32.440770+00:00" hostname="agent-env-82bd3842-3af9-4548-8866-8a3478770a12"><testcase classname="backend.tests.test_wash_fold_notifications.TestWashFoldContactPreference" name="test_wash_fold_saves_sms_preference" time="7.760" /><testcase classname="backend.tests.test_wash_fold_notifications.TestWashFoldContactPreference" name="test_wash_fold_saves_email_preference" time="7.387" /><testcase classname="backend.tests.test_wash_fold_notifications.TestWashFoldContactPreference" name="test_wash_fold_saves_whatsapp_preference" time="12.398" /><testcase classname="backend.tests.test_wash_fold_notifications.TestWashFoldContactPreference" name="test_wash_fold_saves_call_preference" time="1.060" /><testcase classname="backend.tests.test_wash_fold_notifications.TestWashFoldNotifiableStatuses" name="test_wash_fold_processing_status_allowed" time="5.296" /><testcase classname="backend.tests.test_wash_fold_notifications.TestWashFoldNotifiableStatuses" name="test_wash_fold_ready_status_allowed" time="13.062" /><testcase classname="backend.tests.test_wash_fold_notifications.TestWashFoldNotifiableStatuses" name="test_wash_fold_completed_status_allowed" time="19.041" /><testcase classname="backend.tests.test_wash_fold_notifications.TestWashFoldNotifiableStatuses" name="test_wash_fold_cancelled_status_allowed" time="8.708" /><testcase classname="backend.tests.test_wash_fold_notifications.TestWashFoldBlockedStatuses" name="test_wash_fold_blocks_out_for_delivery" time="6.229" /><testcase classname="backend.tests.test_wash_fold_notifications.TestWashFoldBlockedStatuses" name="test_wash_fold_blocks_delivered" time="0.725" /><testcase classname="backend.tests.test_wash_fold_notifications.TestWashFoldBlockedStatuses" name="test_wash_fold_blocks_picked_up" time="2.911" /><testcase classname="backend.tests.test_wash_fold_notifications.TestWashFoldBlockedStatuses" name="test_wash_fold_blocks_pickup_scheduled" time="2.934" /><testcase classname="backend.tests.test_wash_fold_notifications.TestWashFoldBlockedStatuses" name="test_wash_fold_blocks_confirmed" time="2.842" /><testcase classname="backend.tests.test_wash_fold_notifications.TestPickupDeliveryNotificationRules" name="test_pickup_delivery_ready_status_allowed" time="5.757" /><testcase classname="backend.tests.test_wash_fold_notifications.TestPickupDeliveryNotificationRules" name="test_pickup_delivery_out_for_delivery_allowed" time="8.978" /><testcase classname="backend.tests.test_wash_fold_notifications.TestPickupDeliveryNotificationRules" name="test_pickup_delivery_delivered_allowed" time="11.424" /><testcase classname="backend.tests.test_wash_fold_notifications.TestNotificationShouldNotifyLogic" name="test_server_should_notify_wash_fold_processing" time="5.191" /><testcase classname="backend.tests.test_wash_fold_notifications.TestNotificationShouldNotifyLogic" name="test_server_should_notify_wash_fold_ready" time="12.929" /><testcase classname="backend.tests.test_wash_fold_notifications.TestNotificationShouldNotifyLogic" name="test_server_should_notify_wash_fold_completed" time="20.820" /></testsuite></testsuites>