<?xml version="1.0" encoding="utf-8"?><testsuites name="pytest tests"><testsuite name="pytest" errors="0" failures="0" skipped="0" tests="23" time="14.460" timestamp="2026-04-12T19:50:06.787697+00:00" hostname="agent-env-a67a1e04-0637-4dd6-a63c-dc2f512d04c1"><testcase classname="tests.test_mongodb_file_storage_iter44.TestAdminAuth" name="test_admin_login" time="0.449" /><testcase classname="tests.test_mongodb_file_storage_iter44.TestCustomerAuth" name="test_customer_login" time="0.336" /><testcase classname="tests.test_mongodb_file_storage_iter44.TestOperatorFileUpload" name="test_upload_file_stores_base64" time="0.459" /><testcase classname="tests.test_mongodb_file_storage_iter44.TestOperatorFileUpload" name="test_upload_requires_auth" time="0.114" /><testcase classname="tests.test_mongodb_file_storage_iter44.TestOperatorFileDownload" name="test_download_file_from_mongodb" time="0.565" /><testcase classname="tests.test_mongodb_file_storage_iter44.TestOperatorFileDownload" name="test_download_with_query_auth" time="0.576" /><testcase classname="tests.test_mongodb_file_storage_iter44.TestOperatorFileDownload" name="test_download_requires_auth" time="0.103" /><testcase classname="tests.test_mongodb_file_storage_iter44.TestOperatorFileDownload" name="test_download_nonexistent_file" time="0.458" /><testcase classname="tests.test_mongodb_file_storage_iter44.TestCustomerReceiptUpload" name="test_customer_upload_receipt" time="0.429" /><testcase classname="tests.test_mongodb_file_storage_iter44.TestCustomerReceiptUpload" name="test_customer_upload_requires_auth" time="0.113" /><testcase classname="tests.test_mongodb_file_storage_iter44.TestCustomerReceiptUpload" name="test_customer_upload_rejects_non_image" time="0.448" /><testcase classname="tests.test_mongodb_file_storage_iter44.TestCustomerFileDownload" name="test_customer_download_own_file" time="0.575" /><testcase classname="tests.test_mongodb_file_storage_iter44.TestCustomerOCRReceipt" name="test_ocr_valid_payment_receipt" time="2.823" /><testcase classname="tests.test_mongodb_file_storage_iter44.TestCustomerOCRReceipt" name="test_ocr_payment_request_rejected" time="1.417" /><testcase classname="tests.test_mongodb_file_storage_iter44.TestCustomerOCRReceipt" name="test_ocr_requires_auth" time="0.121" /><testcase classname="tests.test_mongodb_file_storage_iter44.TestCustomerOCRReceipt" name="test_ocr_nonexistent_file" time="0.447" /><testcase classname="tests.test_mongodb_file_storage_iter44.TestOperatorPaymentValidation" name="test_validate_payment_receipt" time="1.413" /><testcase classname="tests.test_mongodb_file_storage_iter44.TestOperatorPaymentValidation" name="test_validate_requires_order_id" time="0.468" /><testcase classname="tests.test_mongodb_file_storage_iter44.TestOperatorPaymentValidation" name="test_validate_requires_auth" time="0.107" /><testcase classname="tests.test_mongodb_file_storage_iter44.TestReceiptsByOrder" name="test_list_receipts_by_order" time="0.490" /><testcase classname="tests.test_mongodb_file_storage_iter44.TestOCRAnalytics" name="test_get_ocr_analytics" time="0.444" /><testcase classname="tests.test_mongodb_file_storage_iter44.TestFileContextEndpoints" name="test_list_files_by_context" time="0.436" /><testcase classname="tests.test_mongodb_file_storage_iter44.TestOperatorOCRExtract" name="test_ocr_extract" time="1.572" /></testsuite></testsuites>