<?xml version="1.0" encoding="utf-8"?><testsuites name="pytest tests"><testsuite name="pytest" errors="0" failures="0" skipped="0" tests="15" time="4.966" timestamp="2026-03-29T06:04:55.743363+00:00" hostname="agent-env-a67a1e04-0637-4dd6-a63c-dc2f512d04c1"><testcase classname="backend.tests.test_notifications_order_dialog_iter29.TestHealthAndAuth" name="test_health_endpoint" time="0.111" /><testcase classname="backend.tests.test_notifications_order_dialog_iter29.TestHealthAndAuth" name="test_auth_login" time="0.314" /><testcase classname="backend.tests.test_notifications_order_dialog_iter29.TestPublicFormsWithNotifications" name="test_wash_fold_request_creates_order_and_triggers_notification" time="0.105" /><testcase classname="backend.tests.test_notifications_order_dialog_iter29.TestPublicFormsWithNotifications" name="test_contact_form_creates_ticket_and_sends_notification" time="0.244" /><testcase classname="backend.tests.test_notifications_order_dialog_iter29.TestPublicFormsWithNotifications" name="test_quote_request_creates_quote_and_sends_notification" time="0.510" /><testcase classname="backend.tests.test_notifications_order_dialog_iter29.TestWashFoldStatusNotifications" name="test_wf_status_to_processing_triggers_notification" time="0.775" /><testcase classname="backend.tests.test_notifications_order_dialog_iter29.TestWashFoldStatusNotifications" name="test_wf_status_to_ready_triggers_notification" time="0.406" /><testcase classname="backend.tests.test_notifications_order_dialog_iter29.TestOrderLbsAndPayment" name="test_update_order_lbs_recalculates_total" time="0.419" /><testcase classname="backend.tests.test_notifications_order_dialog_iter29.TestOrderLbsAndPayment" name="test_capture_payment_cash" time="0.214" /><testcase classname="backend.tests.test_notifications_order_dialog_iter29.TestOrderLbsAndPayment" name="test_capture_payment_transfer" time="0.566" /><testcase classname="backend.tests.test_notifications_order_dialog_iter29.TestOperatorDashboard" name="test_operator_dashboard_returns_all_fields" time="0.103" /><testcase classname="backend.tests.test_notifications_order_dialog_iter29.TestOperatorDashboard" name="test_operator_dashboard_order_has_preferences_snapshot" time="0.101" /><testcase classname="backend.tests.test_notifications_order_dialog_iter29.TestPickupDeliveryStatusNotifications" name="test_pickup_status_confirmed_triggers_notification" time="0.512" /><testcase classname="backend.tests.test_notifications_order_dialog_iter29.TestPickupDeliveryStatusNotifications" name="test_pickup_status_processing_triggers_notification" time="0.259" /><testcase classname="backend.tests.test_notifications_order_dialog_iter29.TestPickupDeliveryStatusNotifications" name="test_pickup_status_ready_triggers_notification" time="0.254" /></testsuite></testsuites>