<?xml version="1.0" encoding="utf-8"?><testsuites name="pytest tests"><testsuite name="pytest" errors="0" failures="0" skipped="0" tests="8" time="2.320" timestamp="2026-06-07T13:16:59.172131+00:00" hostname="agent-env-a67a1e04-0637-4dd6-a63c-dc2f512d04c1"><testcase classname="backend.tests.test_logistics_delivery_config_iter51.TestLogisticsSettings" name="test_get_settings_returns_config" time="0.635" /><testcase classname="backend.tests.test_logistics_delivery_config_iter51.TestLogisticsSettings" name="test_settings_requires_auth" time="0.123" /><testcase classname="backend.tests.test_logistics_delivery_config_iter51.TestLogisticsOrders" name="test_get_orders_returns_list" time="0.105" /><testcase classname="backend.tests.test_logistics_delivery_config_iter51.TestGasStationsPrices" name="test_post_prices_returns_enriched" time="0.672" /><testcase classname="backend.tests.test_logistics_delivery_config_iter51.TestGasStationsPrices" name="test_post_prices_empty_list" time="0.180" /><testcase classname="backend.tests.test_logistics_delivery_config_iter51.TestGasStationsNearby" name="test_get_nearby_returns_structure" time="0.372" /><testcase classname="backend.tests.test_logistics_delivery_config_iter51.TestGasStationsNearby" name="test_nearby_requires_auth" time="0.114" /><testcase classname="backend.tests.test_logistics_delivery_config_iter51.TestDeliveryConfigImport" name="test_module_imports" time="0.054" /></testsuite></testsuites>