<?xml version="1.0" encoding="utf-8"?><testsuites name="pytest tests"><testsuite name="pytest" errors="0" failures="0" skipped="0" tests="25" time="11.005" timestamp="2026-03-29T02:22:53.032479+00:00" hostname="agent-env-a67a1e04-0637-4dd6-a63c-dc2f512d04c1"><testcase classname="backend.tests.test_orders_finances_ocr_iter26.TestOrdersCRUD" name="test_create_order" time="1.025" /><testcase classname="backend.tests.test_orders_finances_ocr_iter26.TestOrdersCRUD" name="test_get_orders_list" time="0.165" /><testcase classname="backend.tests.test_orders_finances_ocr_iter26.TestOrdersCRUD" name="test_get_orders_filtered_by_status" time="0.164" /><testcase classname="backend.tests.test_orders_finances_ocr_iter26.TestOrdersCRUD" name="test_get_single_order" time="0.233" /><testcase classname="backend.tests.test_orders_finances_ocr_iter26.TestOrdersCRUD" name="test_update_order" time="0.409" /><testcase classname="backend.tests.test_orders_finances_ocr_iter26.TestOrdersCRUD" name="test_get_order_not_found" time="0.124" /><testcase classname="backend.tests.test_orders_finances_ocr_iter26.TestOrderStatus" name="test_update_order_status" time="0.707" /><testcase classname="backend.tests.test_orders_finances_ocr_iter26.TestOrderStatus" name="test_update_order_status_invalid" time="0.408" /><testcase classname="backend.tests.test_orders_finances_ocr_iter26.TestOrderPayment" name="test_update_payment_status" time="0.349" /><testcase classname="backend.tests.test_orders_finances_ocr_iter26.TestOrderPayment" name="test_capture_cash_payment" time="0.366" /><testcase classname="backend.tests.test_orders_finances_ocr_iter26.TestOrderPayment" name="test_capture_card_payment" time="0.515" /><testcase classname="backend.tests.test_orders_finances_ocr_iter26.TestOrderQR" name="test_get_order_qr" time="0.398" /><testcase classname="backend.tests.test_orders_finances_ocr_iter26.TestOrderQR" name="test_get_order_qr_svg" time="0.334" /><testcase classname="backend.tests.test_orders_finances_ocr_iter26.TestOrderQR" name="test_resolve_qr" time="1.083" /><testcase classname="backend.tests.test_orders_finances_ocr_iter26.TestFinancesSummary" name="test_get_finances_summary_no_filters" time="0.119" /><testcase classname="backend.tests.test_orders_finances_ocr_iter26.TestFinancesSummary" name="test_get_finances_summary_with_date_filters" time="0.122" /><testcase classname="backend.tests.test_orders_finances_ocr_iter26.TestFinancesSummary" name="test_finances_summary_requires_admin" time="0.119" /><testcase classname="backend.tests.test_orders_finances_ocr_iter26.TestEnhancedOCR" name="test_ocr_returns_enhanced_fields" time="2.786" /><testcase classname="backend.tests.test_orders_finances_ocr_iter26.TestEnhancedOCR" name="test_ocr_file_not_found" time="0.155" /><testcase classname="backend.tests.test_orders_finances_ocr_iter26.TestEnhancedOCR" name="test_ocr_non_image_rejected" time="0.411" /><testcase classname="backend.tests.test_orders_finances_ocr_iter26.TestPreviouslyExtractedModules" name="test_services_endpoint" time="0.123" /><testcase classname="backend.tests.test_orders_finances_ocr_iter26.TestPreviouslyExtractedModules" name="test_audit_logs_endpoint" time="0.155" /><testcase classname="backend.tests.test_orders_finances_ocr_iter26.TestPreviouslyExtractedModules" name="test_notification_settings_endpoint" time="0.110" /><testcase classname="backend.tests.test_orders_finances_ocr_iter26.TestPreviouslyExtractedModules" name="test_operator_orders_endpoint" time="0.118" /><testcase classname="backend.tests.test_orders_finances_ocr_iter26.TestRealtimeModule" name="test_order_creation_emits_realtime" time="0.305" /></testsuite></testsuites>