<?xml version="1.0" encoding="utf-8"?><testsuites name="pytest tests"><testsuite name="pytest" errors="0" failures="0" skipped="0" tests="7" time="4.879" timestamp="2026-04-03T05:00:56.519995+00:00" hostname="agent-env-a67a1e04-0637-4dd6-a63c-dc2f512d04c1"><testcase classname="backend.tests.test_notification_payment_link_iter38.TestNotificationPaymentLink" name="test_unpaid_order_email_includes_payment_link" time="1.309" /><testcase classname="backend.tests.test_notification_payment_link_iter38.TestNotificationPaymentLink" name="test_paid_order_email_no_payment_link" time="0.571" /><testcase classname="backend.tests.test_notification_payment_link_iter38.TestNotificationPaymentLink" name="test_unpaid_order_sms_includes_payment_link" time="1.072" /><testcase classname="backend.tests.test_notification_payment_link_iter38.TestNotificationPaymentLink" name="test_notification_response_structure" time="0.915" /><testcase classname="backend.tests.test_notification_payment_link_iter38.TestNotificationPaymentLink" name="test_notification_requires_auth" time="0.124" /><testcase classname="backend.tests.test_notification_payment_link_iter38.TestNotificationPaymentLink" name="test_notification_order_not_found" time="0.449" /><testcase classname="backend.tests.test_notification_payment_link_iter38.TestPaymentSuccessPage" name="test_payment_success_page_accessible" time="0.125" /></testsuite></testsuites>