<?xml version="1.0" encoding="utf-8"?><testsuites name="pytest tests"><testsuite name="pytest" errors="0" failures="0" skipped="0" tests="18" time="2.423" timestamp="2026-03-04T04:43:25.917235+00:00" hostname="agent-env-82bd3842-3af9-4548-8866-8a3478770a12"><testcase classname="backend.tests.test_sms_consent.TestSmsConsentPickupRequest" name="test_pickup_request_sms_without_consent_rejected" time="0.201" /><testcase classname="backend.tests.test_sms_consent.TestSmsConsentPickupRequest" name="test_pickup_request_whatsapp_without_consent_rejected" time="0.118" /><testcase classname="backend.tests.test_sms_consent.TestSmsConsentPickupRequest" name="test_pickup_request_sms_with_consent_accepted" time="0.144" /><testcase classname="backend.tests.test_sms_consent.TestSmsConsentPickupRequest" name="test_pickup_request_email_without_consent_accepted" time="0.155" /><testcase classname="backend.tests.test_sms_consent.TestSmsConsentPickupRequest" name="test_pickup_request_phone_without_consent_accepted" time="0.126" /><testcase classname="backend.tests.test_sms_consent.TestSmsConsentWashFold" name="test_washfold_sms_without_consent_rejected" time="0.142" /><testcase classname="backend.tests.test_sms_consent.TestSmsConsentWashFold" name="test_washfold_sms_with_consent_accepted" time="0.115" /><testcase classname="backend.tests.test_sms_consent.TestSmsConsentContact" name="test_contact_sms_without_consent_rejected" time="0.103" /><testcase classname="backend.tests.test_sms_consent.TestSmsConsentContact" name="test_contact_sms_with_consent_accepted" time="0.106" /><testcase classname="backend.tests.test_sms_consent.TestSmsConsentB2BQuote" name="test_b2b_quote_text_without_consent_rejected" time="0.109" /><testcase classname="backend.tests.test_sms_consent.TestSmsConsentB2BQuote" name="test_b2b_quote_whatsapp_without_consent_rejected" time="0.117" /><testcase classname="backend.tests.test_sms_consent.TestSmsConsentB2BQuote" name="test_b2b_quote_sms_with_consent_accepted" time="0.138" /><testcase classname="backend.tests.test_sms_consent.TestSmsConsentMembershipSignup" name="test_membership_sms_without_consent_rejected" time="0.100" /><testcase classname="backend.tests.test_sms_consent.TestSmsConsentMembershipSignup" name="test_membership_sms_with_consent_accepted" time="0.112" /><testcase classname="backend.tests.test_sms_consent.TestLegalPages" name="test_sms_policy_consent_page" time="0.102" /><testcase classname="backend.tests.test_sms_consent.TestLegalPages" name="test_privacy_policy_page" time="0.100" /><testcase classname="backend.tests.test_sms_consent.TestLegalPages" name="test_terms_and_conditions_page" time="0.105" /><testcase classname="backend.tests.test_sms_consent.TestNotificationFallback" name="test_notifications_module_has_consent_check" time="0.255" /></testsuite></testsuites>