<?xml version="1.0" encoding="utf-8"?><testsuites name="pytest tests"><testsuite name="pytest" errors="0" failures="0" skipped="0" tests="15" time="3.641" timestamp="2026-04-29T07:14:06.033123+00:00" hostname="agent-env-a67a1e04-0637-4dd6-a63c-dc2f512d04c1"><testcase classname="backend.tests.test_dynamic_pricing_iter49.TestPickupDeliveryPricing" name="test_pd_express_stores_correct_price" time="0.167" /><testcase classname="backend.tests.test_dynamic_pricing_iter49.TestPickupDeliveryPricing" name="test_pd_standard_stores_correct_price" time="0.107" /><testcase classname="backend.tests.test_dynamic_pricing_iter49.TestPickupDeliveryPricing" name="test_pd_premium_stores_correct_price" time="0.113" /><testcase classname="backend.tests.test_dynamic_pricing_iter49.TestWashFoldPricing" name="test_wf_standard_stores_correct_price" time="0.108" /><testcase classname="backend.tests.test_dynamic_pricing_iter49.TestWashFoldPricing" name="test_wf_premium_stores_correct_price" time="0.158" /><testcase classname="backend.tests.test_dynamic_pricing_iter49.TestWashFoldPricing" name="test_wf_express_stores_correct_price" time="0.131" /><testcase classname="backend.tests.test_dynamic_pricing_iter49.TestOrderPriceVerification" name="test_verify_pd_express_order_has_price_per_lb" time="0.595" /><testcase classname="backend.tests.test_dynamic_pricing_iter49.TestOrderPriceVerification" name="test_verify_wf_premium_order_has_price_per_lb" time="0.280" /><testcase classname="backend.tests.test_dynamic_pricing_iter49.TestTotalRecalculation" name="test_pd_express_15lbs_equals_48_75" time="0.391" /><testcase classname="backend.tests.test_dynamic_pricing_iter49.TestTotalRecalculation" name="test_wf_premium_20lbs_equals_50_00" time="0.369" /><testcase classname="backend.tests.test_dynamic_pricing_iter49.TestTotalRecalculation" name="test_wf_standard_8lbs_uses_10lb_minimum" time="0.334" /><testcase classname="backend.tests.test_dynamic_pricing_iter49.TestOrderResponseFields" name="test_order_response_includes_pricing_fields" time="0.239" /><testcase classname="backend.tests.test_dynamic_pricing_iter49.TestPDMinimumCharge" name="test_pd_small_order_uses_40_minimum" time="0.331" /><testcase classname="backend.tests.test_dynamic_pricing_iter49.TestExistingTestOrders" name="test_existing_pd_express_order" time="0.114" /><testcase classname="backend.tests.test_dynamic_pricing_iter49.TestExistingTestOrders" name="test_existing_wf_premium_order" time="0.120" /></testsuite></testsuites>