<?xml version="1.0" encoding="utf-8"?><testsuites name="pytest tests"><testsuite name="pytest" errors="0" failures="0" skipped="0" tests="20" time="11.364" timestamp="2026-03-29T03:42:52.862154+00:00" hostname="agent-env-a67a1e04-0637-4dd6-a63c-dc2f512d04c1"><testcase classname="tests.test_ai_refactoring_iter27.TestHealthAndAuth" name="test_health_endpoint" time="0.166" /><testcase classname="tests.test_ai_refactoring_iter27.TestHealthAndAuth" name="test_admin_login" time="0.335" /><testcase classname="tests.test_ai_refactoring_iter27.TestAIMetricsModule" name="test_ai_metrics_endpoint" time="0.442" /><testcase classname="tests.test_ai_refactoring_iter27.TestAIMetricsModule" name="test_ai_pending_actions" time="0.110" /><testcase classname="tests.test_ai_refactoring_iter27.TestAIAdminModule" name="test_admin_ai_endpoint" time="0.832" /><testcase classname="tests.test_ai_refactoring_iter27.TestAIAdminModule" name="test_admin_ai_insights" time="0.859" /><testcase classname="tests.test_ai_refactoring_iter27.TestAIPatternsModule" name="test_ai_propuestas_list" time="0.104" /><testcase classname="tests.test_ai_refactoring_iter27.TestAIPatternsModule" name="test_ai_patrones_scan" time="0.107" /><testcase classname="tests.test_ai_refactoring_iter27.TestAIPatternsModule" name="test_ai_propuestas_generar" time="1.889" /><testcase classname="tests.test_ai_refactoring_iter27.TestAIAssistantModule" name="test_ai_briefing" time="1.275" /><testcase classname="tests.test_ai_refactoring_iter27.TestAIAssistantModule" name="test_ai_suggestions" time="0.129" /><testcase classname="tests.test_ai_refactoring_iter27.TestAIAssistantModule" name="test_ai_operations" time="1.047" /><testcase classname="tests.test_ai_refactoring_iter27.TestCoreEndpoints" name="test_orders_list" time="0.119" /><testcase classname="tests.test_ai_refactoring_iter27.TestCoreEndpoints" name="test_customers_list" time="0.095" /><testcase classname="tests.test_ai_refactoring_iter27.TestCoreEndpoints" name="test_finances_expenses" time="0.148" /><testcase classname="tests.test_ai_refactoring_iter27.TestCoreEndpoints" name="test_dashboard_stats" time="0.136" /><testcase classname="tests.test_ai_refactoring_iter27.TestAIMetricsDetails" name="test_ai_metrics_with_different_days" time="0.227" /><testcase classname="tests.test_ai_refactoring_iter27.TestAIAdminInsightsTypes" name="test_insights_risks" time="1.527" /><testcase classname="tests.test_ai_refactoring_iter27.TestAIAdminInsightsTypes" name="test_insights_forecast" time="1.626" /><testcase classname="tests.test_ai_refactoring_iter27.TestAIAdminInsightsTypes" name="test_insights_invalid_type" time="0.108" /></testsuite></testsuites>