<?xml version="1.0" encoding="utf-8"?><testsuites name="pytest tests"><testsuite name="pytest" errors="0" failures="0" skipped="0" tests="10" time="23.230" timestamp="2026-03-01T19:02:13.053881+00:00" hostname="agent-env-82bd3842-3af9-4548-8866-8a3478770a12"><testcase classname="tests.test_p0_p1_bugs.TestP0OrdersDashboard" name="test_operator_dashboard_returns_orders" time="0.234" /><testcase classname="tests.test_p0_p1_bugs.TestP0OrdersDashboard" name="test_order_status_update_keeps_order_visible" time="0.367" /><testcase classname="tests.test_p0_p1_bugs.TestP0StripePayment" name="test_checkout_status_endpoint_works" time="0.460" /><testcase classname="tests.test_p0_p1_bugs.TestP0StripePayment" name="test_store_orders_list" time="0.114" /><testcase classname="tests.test_p0_p1_bugs.TestP1ShippingQuote" name="test_shipping_quote_valid_address" time="9.884" /><testcase classname="tests.test_p0_p1_bugs.TestP1ShippingQuote" name="test_shipping_quote_near_store" time="9.906" /><testcase classname="tests.test_p0_p1_bugs.TestP1StoreCartMultipleProducts" name="test_add_multiple_products_to_cart" time="0.586" /><testcase classname="tests.test_p0_p1_bugs.TestRegressionStoreCheckout" name="test_manual_checkout_flow" time="1.386" /><testcase classname="tests.test_p0_p1_bugs.TestIntegration" name="test_api_health" time="0.108" /><testcase classname="tests.test_p0_p1_bugs.TestIntegration" name="test_products_available" time="0.125" /></testsuite></testsuites>