<?xml version="1.0" encoding="utf-8"?><testsuites name="pytest tests"><testsuite name="pytest" errors="0" failures="0" skipped="0" tests="25" time="5.671" timestamp="2026-03-29T00:25:02.191416+00:00" hostname="agent-env-a67a1e04-0637-4dd6-a63c-dc2f512d04c1"><testcase classname="backend.tests.test_enterprise_modules.TestAuth" name="test_login_success" time="0.508" /><testcase classname="backend.tests.test_enterprise_modules.TestCatalog" name="test_get_catalog_public" time="0.109" /><testcase classname="backend.tests.test_enterprise_modules.TestCatalog" name="test_get_catalog_by_category" time="0.129" /><testcase classname="backend.tests.test_enterprise_modules.TestCatalog" name="test_get_catalog_grouped" time="0.111" /><testcase classname="backend.tests.test_enterprise_modules.TestCatalog" name="test_add_catalog_item" time="0.597" /><testcase classname="backend.tests.test_enterprise_modules.TestCatalog" name="test_seed_catalog" time="0.125" /><testcase classname="backend.tests.test_enterprise_modules.TestSuppliers" name="test_get_suppliers" time="0.131" /><testcase classname="backend.tests.test_enterprise_modules.TestSuppliers" name="test_get_supplier_categories" time="0.123" /><testcase classname="backend.tests.test_enterprise_modules.TestSuppliers" name="test_create_supplier" time="0.482" /><testcase classname="backend.tests.test_enterprise_modules.TestSuppliers" name="test_search_suppliers" time="0.395" /><testcase classname="backend.tests.test_enterprise_modules.TestInventory" name="test_get_stock" time="0.109" /><testcase classname="backend.tests.test_enterprise_modules.TestInventory" name="test_get_low_stock" time="0.111" /><testcase classname="backend.tests.test_enterprise_modules.TestInventory" name="test_create_stock_movement" time="0.256" /><testcase classname="backend.tests.test_enterprise_modules.TestInventory" name="test_get_stock_movements" time="0.116" /><testcase classname="backend.tests.test_enterprise_modules.TestInventory" name="test_create_purchase_order" time="0.465" /><testcase classname="backend.tests.test_enterprise_modules.TestInventory" name="test_get_purchase_orders" time="0.103" /><testcase classname="backend.tests.test_enterprise_modules.TestFinances" name="test_get_dashboard" time="0.104" /><testcase classname="backend.tests.test_enterprise_modules.TestFinances" name="test_get_expense_categories" time="0.111" /><testcase classname="backend.tests.test_enterprise_modules.TestFinances" name="test_create_expense" time="0.501" /><testcase classname="backend.tests.test_enterprise_modules.TestFinances" name="test_get_expenses" time="0.138" /><testcase classname="backend.tests.test_enterprise_modules.TestFinances" name="test_create_vehicle" time="0.245" /><testcase classname="backend.tests.test_enterprise_modules.TestFinances" name="test_get_vehicles" time="0.110" /><testcase classname="backend.tests.test_enterprise_modules.TestFinances" name="test_create_mileage" time="0.158" /><testcase classname="backend.tests.test_enterprise_modules.TestFinances" name="test_get_mileage" time="0.105" /><testcase classname="backend.tests.test_enterprise_modules.TestFAQPage" name="test_faq_page_accessible" time="0.124" /></testsuite></testsuites>